ptp4l[3010.170]: selected /dev/ptp0 as PTP clock
ptp4l[3010.171]: port 1: INITIALIZING to LISTENING on INITIALIZE
ptp4l[3010.171]: port 0: INITIALIZING to LISTENING on INITIALIZE
ptp4l[3010.360]: port 1: new foreign master f8b156.fffe.c1832e-1
ptp4l[3014.360]: selected best master clock f8b156.fffe.c1832e
ptp4l[3014.360]: port 1: LISTENING to UNCALIBRATED on RS_SLAVE
ptp4l[3015.380]: master offset        112 s0 freq   +3233 path delay     18618
ptp4l[3016.380]: master offset        567 s2 freq   +3688 path delay     18856
ptp4l[3016.381]: port 1: UNCALIBRATED to SLAVE on MASTER_CLOCK_SELECTED
ptp4l[3017.381]: master offset       -141 s2 freq   +3547 path delay     18900
ptp4l[3018.381]: master offset      -1234 s2 freq   +2412 path delay     18944
ptp4l[3019.381]: master offset       -419 s2 freq   +2856 path delay     18944
ptp4l[3020.381]: master offset        -66 s2 freq   +3084 path delay     19025
ptp4l[3021.381]: master offset          3 s2 freq   +3133 path delay     18944
ptp4l[3022.381]: master offset         71 s2 freq   +3202 path delay     18944
ptp4l[3023.381]: master offset        124 s2 freq   +3276 path delay     18944
ptp4l[3024.381]: master offset         80 s2 freq   +3269 path delay     19025
ptp4l[3025.382]: master offset       -264 s2 freq   +2949 path delay     19006
ptp4l[3026.382]: master offset        194 s2 freq   +3328 path delay     19006
ptp4l[3027.382]: master offset        -44 s2 freq   +3148 path delay     19122
ptp4l[3028.382]: master offset       -126 s2 freq   +3053 path delay     19136
ptp4l[3029.382]: master offset       -138 s2 freq   +3003 path delay     19136
ptp4l[3030.382]: master offset        535 s2 freq   +3635 path delay     18947
ptp4l[3031.382]: master offset       -130 s2 freq   +3130 path delay     18947
ptp4l[3032.382]: master offset       -222 s2 freq   +2999 path delay     18947
ptp4l[3033.382]: master offset        222 s2 freq   +3377 path delay     18947
ptp4l[3034.382]: master offset        -36 s2 freq   +3185 path delay     18947
ptp4l[3035.383]: master offset       -264 s2 freq   +2947 path delay     18947
ptp4l[3036.383]: master offset        875 s2 freq   +4006 path delay     18947
ptp4l[3037.383]: master offset        -73 s2 freq   +3321 path delay     19049
ptp4l[3038.383]: master offset      -1236 s2 freq   +2136 path delay     19049
ptp4l[3039.383]: master offset        -55 s2 freq   +2946 path delay     19049
ptp4l[3040.383]: master offset        -92 s2 freq   +2893 path delay     19145
ptp4l[3041.383]: master offset        247 s2 freq   +3204 path delay     19145
ptp4l[3042.383]: master offset        336 s2 freq   +3367 path delay     19149
ptp4l[3043.383]: master offset         38 s2 freq   +3170 path delay     19149
ptp4l[3044.384]: master offset       -230 s2 freq   +2913 path delay     19149
ptp4l[3045.384]: master offset        290 s2 freq   +3364 path delay     19128
ptp4l[3046.384]: master offset        -34 s2 freq   +3127 path delay     19154
ptp4l[3047.384]: master offset        -46 s2 freq   +3105 path delay     19154
ptp4l[3048.384]: master offset       -258 s2 freq   +2879 path delay     19154
ptp4l[3049.384]: master offset       1362 s2 freq   +4422 path delay     19072
ptp4l[3050.384]: master offset       -824 s2 freq   +2645 path delay     19072
ptp4l[3051.384]: master offset       -400 s2 freq   +2821 path delay     19072
ptp4l[3052.384]: master offset        -20 s2 freq   +3081 path delay     19006
ptp4l[3053.385]: master offset        353 s2 freq   +3448 path delay     18981
ptp4l[3054.385]: master offset       -160 s2 freq   +3041 path delay     18981
ptp4l[3055.385]: master offset        123 s2 freq   +3276 path delay     18981
ptp4l[3056.385]: master offset       -197 s2 freq   +2993 path delay     19098
ptp4l[3057.385]: master offset        643 s2 freq   +3774 path delay     19101
ptp4l[3058.385]: master offset       -556 s2 freq   +2768 path delay     19101
ptp4l[3059.385]: master offset       -187 s2 freq   +2970 path delay     19046
ptp4l[3060.385]: master offset       -304 s2 freq   +2797 path delay     19046
ptp4l[3061.385]: master offset        392 s2 freq   +3402 path delay     18984
ptp4l[3062.386]: master offset         94 s2 freq   +3222 path delay     18984
ptp4l[3063.386]: master offset        127 s2 freq   +3283 path delay     18964
ptp4l[3064.386]: master offset         44 s2 freq   +3238 path delay     18964
ptp4l[3065.386]: master offset        639 s2 freq   +3846 path delay     18901
ptp4l[3066.386]: master offset      -1255 s2 freq   +2144 path delay     18901
ptp4l[3067.386]: master offset        207 s2 freq   +3229 path delay     18899
ptp4l[3068.386]: master offset        381 s2 freq   +3465 path delay     18899
ptp4l[3069.386]: master offset       -173 s2 freq   +3026 path delay     18899
ptp4l[3070.387]: master offset        230 s2 freq   +3377 path delay     18899
ptp4l[3071.387]: master offset         12 s2 freq   +3228 path delay     18899
ptp4l[3072.387]: master offset       -176 s2 freq   +3043 path delay     18980
ptp4l[3073.387]: master offset        138 s2 freq   +3305 path delay     19069
ptp4l[3074.387]: master offset        -62 s2 freq   +3146 path delay     19106
ptp4l[3075.387]: master offset         46 s2 freq   +3235 path delay     19106
ptp4l[3076.387]: master offset       -108 s2 freq   +3095 path delay     18993
ptp4l[3077.387]: master offset        141 s2 freq   +3312 path delay     19012
ptp4l[3078.387]: master offset        218 s2 freq   +3431 path delay     19012
ptp4l[3079.387]: master offset        -80 s2 freq   +3198 path delay     19012
ptp4l[3080.388]: master offset         12 s2 freq   +3266 path delay     19012
ptp4l[3081.388]: master offset       -205 s2 freq   +3053 path delay     19107
ptp4l[3082.388]: master offset         -2 s2 freq   +3195 path delay     19012
ptp4l[3083.388]: master offset        170 s2 freq   +3366 path delay     19012
ptp4l[3084.388]: master offset        -48 s2 freq   +3199 path delay     19012
ptp4l[3085.388]: master offset         -5 s2 freq   +3228 path delay     18942
ptp4l[3086.388]: master offset         87 s2 freq   +3318 path delay     18942
ptp4l[3087.388]: master offset       -105 s2 freq   +3152 path delay     19012
ptp4l[3088.388]: master offset       -103 s2 freq   +3123 path delay     18942
ptp4l[3089.388]: master offset         55 s2 freq   +3250 path delay     18892
ptp4l[3090.388]: master offset        -53 s2 freq   +3158 path delay     18878
ptp4l[3091.389]: master offset        791 s2 freq   +3986 path delay     18846
ptp4l[3092.389]: master offset        -79 s2 freq   +3354 path delay     18846
ptp4l[3093.389]: master offset       -858 s2 freq   +2551 path delay     18846
ptp4l[3094.389]: master offset       -131 s2 freq   +3021 path delay     18839
ptp4l[3095.389]: master offset        833 s2 freq   +3945 path delay     18839
ptp4l[3096.389]: master offset       -916 s2 freq   +2446 path delay     18878
ptp4l[3097.389]: master offset       -101 s2 freq   +2986 path delay     18878
ptp4l[3098.389]: master offset        102 s2 freq   +3159 path delay     18878
ptp4l[3099.389]: master offset       -313 s2 freq   +2775 path delay     18866
ptp4l[3100.390]: master offset       1049 s2 freq   +4043 path delay     18938
ptp4l[3101.390]: master offset       -716 s2 freq   +2592 path delay     18938
ptp4l[3102.390]: master offset        -23 s2 freq   +3071 path delay     18869
ptp4l[3103.390]: master offset        104 s2 freq   +3191 path delay     18810
ptp4l[3104.390]: master offset        134 s2 freq   +3252 path delay     18793
ptp4l[3105.390]: master offset        958 s2 freq   +4116 path delay     18766
ptp4l[3106.390]: master offset       -943 s2 freq   +2503 path delay     18766
ptp4l[3107.390]: master offset        -86 s2 freq   +3077 path delay     18709
ptp4l[3108.390]: master offset       -338 s2 freq   +2799 path delay     18709
ptp4l[3109.390]: master offset        249 s2 freq   +3284 path delay     18756
ptp4l[3110.391]: master offset        837 s2 freq   +3947 path delay     18766
ptp4l[3111.391]: master offset       -833 s2 freq   +2528 path delay     18766
ptp4l[3112.391]: master offset       -116 s2 freq   +2995 path delay     18768
ptp4l[3113.391]: master offset         52 s2 freq   +3129 path delay     18764
ptp4l[3114.391]: master offset         40 s2 freq   +3132 path delay     18764
ptp4l[3115.391]: master offset        837 s2 freq   +3941 path delay     18795
ptp4l[3116.391]: master offset       -905 s2 freq   +2450 path delay     18947
ptp4l[3117.391]: master offset        -11 s2 freq   +3073 path delay     18947
ptp4l[3118.391]: master offset       -148 s2 freq   +2932 path delay     19113
ptp4l[3119.392]: master offset        263 s2 freq   +3299 path delay     18920
ptp4l[3120.392]: master offset        141 s2 freq   +3256 path delay     18920
ptp4l[3121.392]: master offset       -366 s2 freq   +2791 path delay     19224
ptp4l[3122.392]: master offset         46 s2 freq   +3093 path delay     19166
ptp4l[3123.392]: master offset        114 s2 freq   +3175 path delay     19166
ptp4l[3124.392]: master offset       -193 s2 freq   +2902 path delay     19166
ptp4l[3125.392]: master offset        337 s2 freq   +3375 path delay     18974
ptp4l[3126.392]: master offset        999 s2 freq   +4138 path delay     18974
ptp4l[3127.392]: master offset       -977 s2 freq   +2461 path delay     19170
ptp4l[3128.392]: master offset        -29 s2 freq   +3116 path delay     19077
ptp4l[3129.392]: master offset        -25 s2 freq   +3112 path delay     19021
ptp4l[3130.393]: master offset        243 s2 freq   +3372 path delay     19021
ptp4l[3131.393]: master offset        -23 s2 freq   +3179 path delay     18989
ptp4l[3132.393]: master offset         30 s2 freq   +3225 path delay     18989
ptp4l[3133.393]: master offset         82 s2 freq   +3286 path delay     18989
ptp4l[3134.393]: master offset       -160 s2 freq   +3069 path delay     18989
ptp4l[3135.393]: master offset       -172 s2 freq   +3009 path delay     18989
ptp4l[3136.393]: master offset        -49 s2 freq   +3080 path delay     18989
ptp4l[3137.393]: master offset        413 s2 freq   +3527 path delay     18875
ptp4l[3138.393]: master offset       -140 s2 freq   +3098 path delay     18875
ptp4l[3139.393]: master offset        104 s2 freq   +3300 path delay     18818
ptp4l[3140.393]: master offset        -98 s2 freq   +3129 path delay     18818
ptp4l[3141.394]: master offset        690 s2 freq   +3888 path delay     18818
ptp4l[3142.394]: master offset       -622 s2 freq   +2783 path delay     18875
ptp4l[3143.394]: master offset       -165 s2 freq   +3053 path delay     18772
ptp4l[3144.394]: master offset        -57 s2 freq   +3112 path delay     18772
ptp4l[3145.394]: master offset        -29 s2 freq   +3123 path delay     18772
ptp4l[3146.394]: master offset       -658 s2 freq   +2485 path delay     18829
ptp4l[3147.394]: master offset       1576 s2 freq   +4522 path delay     18835
ptp4l[3148.394]: master offset       -746 s2 freq   +2673 path delay     18835
ptp4l[3149.394]: master offset        -96 s2 freq   +3099 path delay     18753
ptp4l[3150.395]: master offset         12 s2 freq   +3178 path delay     18753
ptp4l[3151.395]: master offset        -55 s2 freq   +3115 path delay     18753
ptp4l[3152.395]: master offset       -259 s2 freq   +2894 path delay     19105
ptp4l[3153.395]: master offset        160 s2 freq   +3235 path delay     19105
ptp4l[3154.395]: master offset       -148 s2 freq   +2975 path delay     19105
ptp4l[3155.395]: master offset         56 s2 freq   +3135 path delay     19105
ptp4l[3156.395]: master offset        328 s2 freq   +3424 path delay     19021
ptp4l[3157.395]: master offset        -28 s2 freq   +3166 path delay     19119
ptp4l[3158.395]: master offset         24 s2 freq   +3210 path delay     19119
ptp4l[3159.395]: master offset         33 s2 freq   +3226 path delay     19123
ptp4l[3160.396]: master offset        183 s2 freq   +3386 path delay     19026
ptp4l[3161.396]: master offset        -66 s2 freq   +3192 path delay     19096
ptp4l[3162.396]: master offset        -13 s2 freq   +3225 path delay     19096
ptp4l[3163.396]: master offset       -130 s2 freq   +3104 path delay     19145
ptp4l[3164.396]: master offset        -22 s2 freq   +3173 path delay     19145
ptp4l[3165.396]: master offset       -257 s2 freq   +2931 path delay     19113
ptp4l[3166.396]: master offset        362 s2 freq   +3473 path delay     19113
ptp4l[3167.396]: master offset        132 s2 freq   +3352 path delay     19070
ptp4l[3168.396]: master offset       -127 s2 freq   +3133 path delay     19070
ptp4l[3169.396]: master offset        898 s2 freq   +4119 path delay     19113
ptp4l[3170.396]: master offset       -937 s2 freq   +2554 path delay     19208
ptp4l[3171.397]: master offset       -321 s2 freq   +2889 path delay     19111
ptp4l[3172.397]: master offset         60 s2 freq   +3173 path delay     19029
ptp4l[3173.397]: master offset        273 s2 freq   +3404 path delay     19029
ptp4l[3174.397]: master offset       -335 s2 freq   +2878 path delay     19139
ptp4l[3175.397]: master offset        203 s2 freq   +3316 path delay     19139
ptp4l[3176.397]: master offset        280 s2 freq   +3454 path delay     19139
ptp4l[3177.397]: master offset        127 s2 freq   +3385 path delay     19139
ptp4l[3178.397]: master offset       -529 s2 freq   +2767 path delay     19177
ptp4l[3179.398]: master offset         86 s2 freq   +3223 path delay     19115
ptp4l[3180.398]: master offset        977 s2 freq   +4140 path delay     19117
ptp4l[3181.398]: master offset       -947 s2 freq   +2509 path delay     19180
ptp4l[3182.398]: master offset       -124 s2 freq   +3048 path delay     19117
ptp4l[3183.398]: master offset        240 s2 freq   +3375 path delay     19117
ptp4l[3184.398]: master offset       -298 s2 freq   +2909 path delay     19117
ptp4l[3185.398]: master offset        305 s2 freq   +3422 path delay     18972
ptp4l[3186.398]: master offset        -33 s2 freq   +3176 path delay     18972
ptp4l[3187.398]: master offset         -3 s2 freq   +3196 path delay     18875
ptp4l[3188.398]: master offset        263 s2 freq   +3461 path delay     18821
ptp4l[3189.399]: master offset       -250 s2 freq   +3027 path delay     18821
ptp4l[3190.399]: master offset        -24 s2 freq   +3178 path delay     18758
ptp4l[3191.399]: master offset         69 s2 freq   +3264 path delay     18758
ptp4l[3192.399]: master offset       -174 s2 freq   +3041 path delay     18758
ptp4l[3193.399]: master offset        202 s2 freq   +3365 path delay     18745
ptp4l[3194.399]: master offset        -16 s2 freq   +3208 path delay     18745
ptp4l[3195.399]: master offset        -43 s2 freq   +3176 path delay     18745
ptp4l[3196.399]: master offset       -662 s2 freq   +2544 path delay     18816
ptp4l[3197.399]: master offset        523 s2 freq   +3531 path delay     18791
ptp4l[3198.399]: master offset        193 s2 freq   +3357 path delay     18833
ptp4l[3199.400]: master offset        735 s2 freq   +3957 path delay     18833
ptp4l[3200.400]: master offset       -939 s2 freq   +2504 path delay     18917
ptp4l[3201.400]: master offset       -336 s2 freq   +2825 path delay     18833
ptp4l[3202.400]: master offset        298 s2 freq   +3358 path delay     18833
ptp4l[3203.400]: master offset        760 s2 freq   +3910 path delay     18833
ptp4l[3204.400]: master offset       -994 s2 freq   +2384 path delay     18892
ptp4l[3205.400]: master offset        220 s2 freq   +3300 path delay     18909
ptp4l[3206.400]: master offset        -27 s2 freq   +3119 path delay     18834
ptp4l[3207.400]: master offset        -40 s2 freq   +3097 path delay     18834
ptp4l[3208.401]: master offset        130 s2 freq   +3255 path delay     18932
ptp4l[3209.401]: master offset       -140 s2 freq   +3024 path delay     18960
ptp4l[3210.401]: master offset        223 s2 freq   +3345 path delay     18960
ptp4l[3211.401]: master offset       -115 s2 freq   +3074 path delay     18960
ptp4l[3212.401]: master offset       -104 s2 freq   +3051 path delay     19057
ptp4l[3213.401]: master offset        819 s2 freq   +3943 path delay     19057
ptp4l[3214.401]: master offset       -693 s2 freq   +2676 path delay     19099
ptp4l[3215.401]: master offset       -337 s2 freq   +2824 path delay     19112
ptp4l[3216.401]: master offset        137 s2 freq   +3197 path delay     19112
ptp4l[3217.401]: master offset        -10 s2 freq   +3091 path delay     19112
ptp4l[3218.402]: master offset        218 s2 freq   +3316 path delay     19112
ptp4l[3219.402]: master offset        135 s2 freq   +3299 path delay     19112
ptp4l[3220.402]: master offset        110 s2 freq   +3314 path delay     19094
ptp4l[3221.402]: master offset         91 s2 freq   +3328 path delay     19071
ptp4l[3222.402]: master offset        -52 s2 freq   +3213 path delay     18971
ptp4l[3223.402]: master offset       -273 s2 freq   +2976 path delay     18964
ptp4l[3224.402]: master offset         96 s2 freq   +3263 path delay     18999
ptp4l[3225.402]: master offset         93 s2 freq   +3289 path delay     18999
ptp4l[3226.402]: master offset         13 s2 freq   +3237 path delay     18916
ptp4l[3227.402]: master offset        986 s2 freq   +4214 path delay     18916
ptp4l[3228.403]: master offset      -1173 s2 freq   +2351 path delay     18999
ptp4l[3229.403]: master offset        639 s2 freq   +3811 path delay     18937
ptp4l[3230.403]: master offset       -760 s2 freq   +2603 path delay     18937
ptp4l[3231.403]: master offset       -336 s2 freq   +2799 path delay     18937
ptp4l[3232.403]: master offset        179 s2 freq   +3214 path delay     18937
ptp4l[3233.403]: master offset        -71 s2 freq   +3017 path delay     18999
ptp4l[3234.403]: master offset        213 s2 freq   +3280 path delay     18999
ptp4l[3235.403]: master offset        -48 s2 freq   +3083 path delay     18937
ptp4l[3236.403]: master offset         38 s2 freq   +3154 path delay     18999
ptp4l[3237.403]: master offset        131 s2 freq   +3259 path delay     18999
ptp4l[3238.404]: master offset       -160 s2 freq   +3007 path delay     19087
ptp4l[3239.404]: master offset        123 s2 freq   +3242 path delay     19087
ptp4l[3240.404]: master offset        -54 s2 freq   +3102 path delay     19142
ptp4l[3241.404]: master offset        106 s2 freq   +3246 path delay     19129
ptp4l[3242.404]: master offset       -212 s2 freq   +2960 path delay     19165
ptp4l[3243.404]: master offset       -249 s2 freq   +2859 path delay     19165
ptp4l[3244.404]: master offset        425 s2 freq   +3458 path delay     19165
ptp4l[3245.404]: master offset       -128 s2 freq   +3033 path delay     19165
ptp4l[3246.404]: master offset        356 s2 freq   +3478 path delay     19124
ptp4l[3247.404]: master offset        -28 s2 freq   +3201 path delay     19115
ptp4l[3248.405]: master offset       1111 s2 freq   +4332 path delay     19108
ptp4l[3249.405]: master offset      -1020 s2 freq   +2534 path delay     19108
ptp4l[3250.405]: master offset       -333 s2 freq   +2915 path delay     19060
ptp4l[3251.405]: master offset       -154 s2 freq   +2994 path delay     19060
ptp4l[3252.405]: master offset        882 s2 freq   +3984 path delay     18947
ptp4l[3253.405]: master offset       -388 s2 freq   +2979 path delay     18947
ptp4l[3254.405]: master offset       -305 s2 freq   +2945 path delay     18947
ptp4l[3255.405]: master offset          1 s2 freq   +3160 path delay     18860
ptp4l[3256.405]: master offset        963 s2 freq   +4122 path delay     18791
ptp4l[3257.405]: master offset      -1133 s2 freq   +2315 path delay     18986
ptp4l[3258.406]: master offset        617 s2 freq   +3725 path delay     18986
ptp4l[3259.406]: master offset       -942 s2 freq   +2351 path delay     18986
ptp4l[3260.406]: master offset        364 s2 freq   +3375 path delay     18791
ptp4l[3261.406]: master offset         65 s2 freq   +3185 path delay     18912
ptp4l[3262.406]: master offset         37 s2 freq   +3176 path delay     18912
ptp4l[3263.406]: master offset        807 s2 freq   +3957 path delay     19115
ptp4l[3264.406]: master offset       -782 s2 freq   +2610 path delay     19154
ptp4l[3265.406]: master offset       -318 s2 freq   +2840 path delay     19154
ptp4l[3266.406]: master offset         76 s2 freq   +3138 path delay     19154
ptp4l[3267.407]: master offset        109 s2 freq   +3194 path delay     19149
ptp4l[3268.407]: master offset         42 s2 freq   +3160 path delay     19149
ptp4l[3269.407]: master offset         95 s2 freq   +3226 path delay     19149
ptp4l[3270.407]: master offset          4 s2 freq   +3163 path delay     19132
ptp4l[3271.407]: master offset        177 s2 freq   +3337 path delay     19132
ptp4l[3272.407]: master offset       -298 s2 freq   +2915 path delay     19149
ptp4l[3273.407]: master offset         80 s2 freq   +3204 path delay     19149
ptp4l[3274.407]: master offset         40 s2 freq   +3188 path delay     19122
ptp4l[3275.407]: master offset       -115 s2 freq   +3045 path delay     19130
ptp4l[3276.407]: master offset        262 s2 freq   +3387 path delay     19036
ptp4l[3277.407]: master offset        124 s2 freq   +3328 path delay     19036
ptp4l[3278.408]: master offset         54 s2 freq   +3295 path delay     18944
ptp4l[3279.408]: master offset         11 s2 freq   +3268 path delay     18944
ptp4l[3280.408]: master offset       -172 s2 freq   +3089 path delay     18884
ptp4l[3281.408]: master offset       -166 s2 freq   +3043 path delay     18866
ptp4l[3282.408]: master offset       -163 s2 freq   +2996 path delay     18866
ptp4l[3283.408]: master offset        280 s2 freq   +3390 path delay     18866
ptp4l[3284.408]: master offset        -43 s2 freq   +3151 path delay     18852
ptp4l[3285.408]: master offset       -151 s2 freq   +3031 path delay     18852
ptp4l[3286.408]: master offset        212 s2 freq   +3348 path delay     18852
ptp4l[3287.408]: master offset       -195 s2 freq   +3005 path delay     18841
ptp4l[3288.409]: master offset         80 s2 freq   +3221 path delay     18809
ptp4l[3289.409]: master offset         13 s2 freq   +3178 path delay     18809
ptp4l[3290.409]: master offset         66 s2 freq   +3235 path delay     18809
ptp4l[3291.409]: master offset        140 s2 freq   +3329 path delay     18787
ptp4l[3292.409]: master offset       -102 s2 freq   +3129 path delay     18787
ptp4l[3293.409]: master offset         16 s2 freq   +3216 path delay     18776
ptp4l[3294.409]: master offset        -91 s2 freq   +3114 path delay     18776
ptp4l[3295.409]: master offset        -63 s2 freq   +3115 path delay     18776
ptp4l[3296.409]: master offset        994 s2 freq   +4153 path delay     18747
ptp4l[3297.410]: master offset       -987 s2 freq   +2470 path delay     18747
ptp4l[3298.410]: master offset        -46 s2 freq   +3115 path delay     18741
ptp4l[3299.410]: master offset        703 s2 freq   +3850 path delay     18780
ptp4l[3300.410]: master offset       -711 s2 freq   +2647 path delay     18780
ptp4l[3301.410]: master offset       -218 s2 freq   +2927 path delay     18791
ptp4l[3302.410]: master offset        361 s2 freq   +3441 path delay     18791
ptp4l[3303.410]: master offset       -272 s2 freq   +2916 path delay     18871
ptp4l[3304.410]: master offset         26 s2 freq   +3132 path delay     18871
ptp4l[3305.410]: master offset         55 s2 freq   +3169 path delay     18871
ptp4l[3306.410]: master offset        -50 s2 freq   +3081 path delay     18988
ptp4l[3307.410]: master offset         58 s2 freq   +3174 path delay     18988
ptp4l[3308.410]: master offset        807 s2 freq   +3940 path delay     19052
ptp4l[3309.410]: master offset      -1143 s2 freq   +2232 path delay     19052
ptp4l[3310.410]: master offset         47 s2 freq   +3079 path delay     18988
ptp4l[3311.411]: master offset        275 s2 freq   +3321 path delay     18988
ptp4l[3312.411]: master offset         73 s2 freq   +3202 path delay     19108
ptp4l[3313.411]: master offset       -195 s2 freq   +2956 path delay     19108
ptp4l[3314.411]: master offset        864 s2 freq   +3956 path delay     19108
ptp4l[3315.411]: master offset       -606 s2 freq   +2745 path delay     19108
ptp4l[3316.411]: master offset       -219 s2 freq   +2951 path delay     19050
ptp4l[3317.411]: master offset        720 s2 freq   +3824 path delay     19050
ptp4l[3318.411]: master offset       -722 s2 freq   +2598 path delay     19158
ptp4l[3319.411]: master offset        715 s2 freq   +3818 path delay     19065
ptp4l[3320.411]: master offset       -583 s2 freq   +2735 path delay     19029
ptp4l[3321.411]: master offset        586 s2 freq   +3729 path delay     19029
ptp4l[3322.412]: master offset       -947 s2 freq   +2372 path delay     19082
ptp4l[3323.412]: master offset       -156 s2 freq   +2879 path delay     19082
ptp4l[3324.412]: master offset        103 s2 freq   +3091 path delay     19082
ptp4l[3325.412]: master offset        963 s2 freq   +3982 path delay     19090
ptp4l[3326.412]: master offset       -707 s2 freq   +2601 path delay     19090
ptp4l[3327.412]: master offset        810 s2 freq   +3905 path delay     19077
ptp4l[3328.412]: master offset       -808 s2 freq   +2530 path delay     19121
ptp4l[3329.412]: master offset       -252 s2 freq   +2844 path delay     19124
ptp4l[3330.412]: master offset        117 s2 freq   +3137 path delay     19110
ptp4l[3331.412]: master offset        305 s2 freq   +3361 path delay     19110
ptp4l[3332.412]: master offset        913 s2 freq   +4060 path delay     19124
ptp4l[3333.412]: master offset       -886 s2 freq   +2535 path delay     19198
ptp4l[3334.412]: master offset       -327 s2 freq   +2828 path delay     19198
ptp4l[3335.413]: master offset         39 s2 freq   +3096 path delay     19187
ptp4l[3336.413]: master offset        304 s2 freq   +3373 path delay     19110
ptp4l[3337.413]: master offset        777 s2 freq   +3937 path delay     19099
ptp4l[3338.413]: master offset       -773 s2 freq   +2620 path delay     19099
ptp4l[3339.413]: master offset        -99 s2 freq   +3062 path delay     19089
ptp4l[3340.413]: master offset        -71 s2 freq   +3060 path delay     19089
ptp4l[3341.413]: master offset         -2 s2 freq   +3108 path delay     19089
ptp4l[3342.413]: master offset        -67 s2 freq   +3043 path delay     19142
ptp4l[3343.413]: master offset        259 s2 freq   +3348 path delay     19019
ptp4l[3344.413]: master offset        281 s2 freq   +3448 path delay     19019
ptp4l[3345.413]: master offset       -193 s2 freq   +3058 path delay     19019
ptp4l[3346.413]: master offset        115 s2 freq   +3309 path delay     19019
ptp4l[3347.414]: master offset       -125 s2 freq   +3103 path delay     19057
ptp4l[3348.414]: master offset        131 s2 freq   +3322 path delay     18909
ptp4l[3349.414]: master offset         88 s2 freq   +3318 path delay     18909
ptp4l[3350.414]: master offset       -155 s2 freq   +3101 path delay     18909
ptp4l[3351.414]: master offset        153 s2 freq   +3363 path delay     18909
ptp4l[3352.414]: master offset       -745 s2 freq   +2511 path delay     18909
ptp4l[3353.414]: master offset        730 s2 freq   +3762 path delay     18794
ptp4l[3354.414]: master offset        971 s2 freq   +4222 path delay     18794
ptp4l[3355.414]: master offset      -1397 s2 freq   +2145 path delay     19166
ptp4l[3356.414]: master offset         24 s2 freq   +3147 path delay     19166
ptp4l[3357.414]: master offset       -243 s2 freq   +2888 path delay     19166
ptp4l[3358.414]: master offset        269 s2 freq   +3327 path delay     19072
ptp4l[3359.415]: master offset        -27 s2 freq   +3111 path delay     19166
