phc2sys[8264.883]: reconfiguring after port state change
phc2sys[8264.884]: selecting CLOCK_REALTIME for synchronization
phc2sys[8264.884]: selecting eth1 as the master clock
phc2sys[8264.884]: phc offset    -12389 s0 freq   +4709 delay   5065
phc2sys[8265.884]: phc offset    -13128 s2 freq   +3970 delay   5157
phc2sys[8266.885]: phc offset    -12594 s2 freq   -8624 delay   5197
phc2sys[8267.885]: phc offset       401 s2 freq    +593 delay   5147
phc2sys[8268.885]: phc offset      3785 s2 freq   +4097 delay   5222
phc2sys[8269.886]: phc offset      3811 s2 freq   +5259 delay   5242
phc2sys[8270.886]: phc offset      2090 s2 freq   +4681 delay   5192
phc2sys[8271.886]: phc offset      1133 s2 freq   +4351 delay   5162
phc2sys[8272.887]: phc offset       719 s2 freq   +4277 delay   5140
phc2sys[8273.887]: phc offset       745 s2 freq   +4519 delay   5051
phc2sys[8274.887]: phc offset       470 s2 freq   +4467 delay   5142
phc2sys[8275.888]: phc offset       -62 s2 freq   +4076 delay   4681
phc2sys[8276.888]: phc offset      -333 s2 freq   +3787 delay   5177
phc2sys[8277.889]: phc offset       335 s2 freq   +4355 delay   5142
phc2sys[8278.889]: phc offset       272 s2 freq   +4392 delay   5132
phc2sys[8279.889]: phc offset       -65 s2 freq   +4137 delay   5217
phc2sys[8280.890]: phc offset        25 s2 freq   +4207 delay   5162
phc2sys[8281.890]: phc offset      -516 s2 freq   +3674 delay   5136
phc2sys[8282.890]: phc offset        20 s2 freq   +4055 delay   5162
phc2sys[8283.891]: phc offset       109 s2 freq   +4150 delay   5152
phc2sys[8284.891]: phc offset      -353 s2 freq   +3721 delay   5147
phc2sys[8285.891]: phc offset       -70 s2 freq   +3898 delay   5217
phc2sys[8286.892]: phc offset      -193 s2 freq   +3754 delay   5142
phc2sys[8287.892]: phc offset        55 s2 freq   +3944 delay   5212
phc2sys[8288.892]: phc offset       561 s2 freq   +4467 delay   5101
phc2sys[8289.893]: phc offset       126 s2 freq   +4200 delay   5197
phc2sys[8290.893]: phc offset       114 s2 freq   +4226 delay   5147
phc2sys[8291.893]: phc offset       102 s2 freq   +4248 delay   5147
phc2sys[8292.894]: phc offset      -177 s2 freq   +3999 delay   5051
phc2sys[8293.894]: phc offset       -79 s2 freq   +4044 delay   5141
phc2sys[8294.894]: phc offset      -153 s2 freq   +3947 delay   5192
phc2sys[8295.895]: phc offset        85 s2 freq   +4139 delay   5177
phc2sys[8296.895]: phc offset        70 s2 freq   +4149 delay   5051
phc2sys[8297.895]: phc offset      -127 s2 freq   +3973 delay   5182
phc2sys[8298.896]: phc offset        34 s2 freq   +4096 delay   4932
phc2sys[8299.896]: phc offset      -110 s2 freq   +3962 delay   5237
phc2sys[8300.897]: phc offset        34 s2 freq   +4073 delay   5162
phc2sys[8301.897]: phc offset        19 s2 freq   +4069 delay   5162
phc2sys[8302.897]: phc offset       -84 s2 freq   +3971 delay   5212
phc2sys[8303.898]: phc offset        90 s2 freq   +4120 delay   5237
phc2sys[8304.898]: phc offset         7 s2 freq   +4064 delay   5142
phc2sys[8305.898]: phc offset      -183 s2 freq   +3876 delay   5197
phc2sys[8306.899]: phc offset        58 s2 freq   +4062 delay   4796
phc2sys[8307.899]: phc offset      -230 s2 freq   +3792 delay   5187
phc2sys[8308.899]: phc offset       919 s2 freq   +4872 delay   4640
phc2sys[8309.900]: phc offset        33 s2 freq   +4261 delay   5267
phc2sys[8310.900]: phc offset      -813 s2 freq   +3425 delay   5192
phc2sys[8311.900]: phc offset      -163 s2 freq   +3831 delay   5038
phc2sys[8312.901]: phc offset        67 s2 freq   +4012 delay   5052
phc2sys[8313.901]: phc offset       383 s2 freq   +4349 delay   5217
phc2sys[8314.901]: phc offset       240 s2 freq   +4320 delay   5162
phc2sys[8315.902]: phc offset       -40 s2 freq   +4112 delay   5227
phc2sys[8316.902]: phc offset       346 s2 freq   +4486 delay   5212
phc2sys[8317.903]: phc offset        77 s2 freq   +4321 delay   5088
phc2sys[8318.903]: phc offset      -711 s2 freq   +3556 delay   5047
phc2sys[8319.903]: phc offset      -323 s2 freq   +3731 delay   5147
phc2sys[8320.904]: phc offset       -94 s2 freq   +3863 delay   5257
phc2sys[8321.904]: phc offset       150 s2 freq   +4079 delay   4944
phc2sys[8322.904]: phc offset       -70 s2 freq   +3904 delay   5242
phc2sys[8323.905]: phc offset        50 s2 freq   +4003 delay   5177
phc2sys[8324.905]: phc offset       235 s2 freq   +4203 delay   5186
phc2sys[8325.905]: phc offset       329 s2 freq   +4367 delay   5152
phc2sys[8326.906]: phc offset       152 s2 freq   +4289 delay   5157
phc2sys[8327.906]: phc offset      -137 s2 freq   +4046 delay   5212
phc2sys[8328.907]: phc offset      -310 s2 freq   +3832 delay   5212
phc2sys[8329.907]: phc offset       638 s2 freq   +4687 delay   4631
phc2sys[8330.907]: phc offset       311 s2 freq   +4551 delay   5142
phc2sys[8331.908]: phc offset      -390 s2 freq   +3943 delay   5083
phc2sys[8332.908]: phc offset      -854 s2 freq   +3362 delay   4971
phc2sys[8333.908]: phc offset      -380 s2 freq   +3580 delay   5137
phc2sys[8334.909]: phc offset       404 s2 freq   +4250 delay   4731
phc2sys[8335.909]: phc offset       189 s2 freq   +4156 delay   4756
phc2sys[8336.909]: phc offset      -168 s2 freq   +3856 delay   5182
phc2sys[8337.910]: phc offset        48 s2 freq   +4022 delay   5197
phc2sys[8338.910]: phc offset       402 s2 freq   +4390 delay   5152
phc2sys[8339.910]: phc offset       176 s2 freq   +4285 delay   5047
phc2sys[8340.911]: phc offset      -488 s2 freq   +3673 delay   5182
phc2sys[8341.911]: phc offset       145 s2 freq   +4160 delay   5127
phc2sys[8342.911]: phc offset       401 s2 freq   +4460 delay   5242
phc2sys[8343.912]: phc offset      -273 s2 freq   +3906 delay   5212
phc2sys[8344.912]: phc offset      -508 s2 freq   +3589 delay   5257
phc2sys[8345.912]: phc offset      -217 s2 freq   +3728 delay   5182
phc2sys[8346.913]: phc offset        17 s2 freq   +3896 delay   5187
phc2sys[8347.913]: phc offset       681 s2 freq   +4566 delay   5192
phc2sys[8348.913]: phc offset       407 s2 freq   +4496 delay   5187
phc2sys[8349.914]: phc offset      -655 s2 freq   +3556 delay   5202
phc2sys[8350.914]: phc offset       -66 s2 freq   +3948 delay   5182
phc2sys[8351.914]: phc offset       355 s2 freq   +4350 delay   5187
phc2sys[8352.915]: phc offset      -273 s2 freq   +3828 delay   5142
phc2sys[8353.915]: phc offset       -79 s2 freq   +3940 delay   5192
phc2sys[8354.916]: phc offset       291 s2 freq   +4287 delay   4751
phc2sys[8355.916]: phc offset        41 s2 freq   +4124 delay   4686
phc2sys[8356.916]: phc offset      -330 s2 freq   +3765 delay   5182
phc2sys[8357.917]: phc offset        65 s2 freq   +4061 delay   5147
phc2sys[8358.917]: phc offset        66 s2 freq   +4082 delay   5083
phc2sys[8359.917]: phc offset      -131 s2 freq   +3904 delay   5212
phc2sys[8360.918]: phc offset       -53 s2 freq   +3943 delay   5187
phc2sys[8361.918]: phc offset       578 s2 freq   +4558 delay   5217
phc2sys[8362.918]: phc offset       361 s2 freq   +4515 delay   5151
phc2sys[8363.919]: phc offset      -585 s2 freq   +3677 delay   5162
phc2sys[8364.919]: phc offset      -299 s2 freq   +3787 delay   5152
phc2sys[8365.919]: phc offset       255 s2 freq   +4252 delay   4553
phc2sys[8366.920]: phc offset      -256 s2 freq   +3817 delay   5162
phc2sys[8367.920]: phc offset        68 s2 freq   +4064 delay   5182
phc2sys[8368.920]: phc offset      -412 s2 freq   +3605 delay   5147
phc2sys[8369.921]: phc offset       -29 s2 freq   +3864 delay   4985
phc2sys[8370.921]: phc offset        98 s2 freq   +3983 delay   5182
phc2sys[8371.922]: phc offset       354 s2 freq   +4268 delay   5202
phc2sys[8372.922]: phc offset        65 s2 freq   +4085 delay   5257
phc2sys[8373.922]: phc offset       447 s2 freq   +4487 delay   5052
phc2sys[8374.923]: phc offset        81 s2 freq   +4255 delay   5187
phc2sys[8375.923]: phc offset      -777 s2 freq   +3421 delay   5207
phc2sys[8376.923]: phc offset        90 s2 freq   +4055 delay   4841
phc2sys[8377.924]: phc offset       110 s2 freq   +4102 delay   4601
phc2sys[8378.924]: phc offset      -249 s2 freq   +3776 delay   4881
phc2sys[8379.924]: phc offset       -29 s2 freq   +3921 delay   5212
phc2sys[8380.925]: phc offset       334 s2 freq   +4276 delay   4956
phc2sys[8381.925]: phc offset      -388 s2 freq   +3654 delay   5083
phc2sys[8382.925]: phc offset       -63 s2 freq   +3862 delay   5202
phc2sys[8383.926]: phc offset        47 s2 freq   +3953 delay   4968
phc2sys[8384.926]: phc offset       432 s2 freq   +4353 delay   5127
phc2sys[8385.926]: phc offset       -41 s2 freq   +4009 delay   5061
phc2sys[8386.927]: phc offset      -235 s2 freq   +3803 delay   5177
phc2sys[8387.927]: phc offset       394 s2 freq   +4361 delay   5237
phc2sys[8388.928]: phc offset      -186 s2 freq   +3900 delay   5212
phc2sys[8389.928]: phc offset       -71 s2 freq   +3959 delay   5147
phc2sys[8390.928]: phc offset      -136 s2 freq   +3872 delay   5051
phc2sys[8391.929]: phc offset      -221 s2 freq   +3747 delay   5212
phc2sys[8392.929]: phc offset       293 s2 freq   +4194 delay   5137
phc2sys[8393.929]: phc offset       262 s2 freq   +4251 delay   5060
phc2sys[8394.930]: phc offset       -37 s2 freq   +4031 delay   5262
phc2sys[8395.930]: phc offset        52 s2 freq   +4109 delay   5192
phc2sys[8396.930]: phc offset       -75 s2 freq   +3997 delay   5182
phc2sys[8397.931]: phc offset       160 s2 freq   +4210 delay   5218
phc2sys[8398.931]: phc offset        89 s2 freq   +4187 delay   5167
phc2sys[8399.931]: phc offset      -245 s2 freq   +3880 delay   5136
phc2sys[8400.932]: phc offset      -188 s2 freq   +3863 delay   5167
phc2sys[8401.932]: phc offset        62 s2 freq   +4057 delay   5242
phc2sys[8402.932]: phc offset       -71 s2 freq   +3942 delay   5137
phc2sys[8403.933]: phc offset      -213 s2 freq   +3779 delay   5242
phc2sys[8404.933]: phc offset       506 s2 freq   +4434 delay   5212
phc2sys[8405.934]: phc offset       650 s2 freq   +4730 delay   5212
phc2sys[8406.934]: phc offset      -557 s2 freq   +3718 delay   5187
phc2sys[8407.934]: phc offset      -613 s2 freq   +3495 delay   5232
phc2sys[8408.935]: phc offset       278 s2 freq   +4202 delay   4615
phc2sys[8409.935]: phc offset        -7 s2 freq   +4000 delay   5167
phc2sys[8410.935]: phc offset       -33 s2 freq   +3972 delay   5182
phc2sys[8411.936]: phc offset       114 s2 freq   +4109 delay   5217
phc2sys[8412.936]: phc offset       -17 s2 freq   +4012 delay   5187
phc2sys[8413.936]: phc offset        -4 s2 freq   +4020 delay   5177
phc2sys[8414.937]: phc offset       138 s2 freq   +4161 delay   5182
phc2sys[8415.937]: phc offset       403 s2 freq   +4468 delay   5197
phc2sys[8416.937]: phc offset       412 s2 freq   +4597 delay   5070
phc2sys[8417.938]: phc offset      -598 s2 freq   +3711 delay   5282
phc2sys[8418.938]: phc offset      -981 s2 freq   +3149 delay   5212
phc2sys[8419.938]: phc offset      -263 s2 freq   +3572 delay   5137
phc2sys[8420.939]: phc offset       946 s2 freq   +4702 delay   4161
phc2sys[8421.939]: phc offset       502 s2 freq   +4542 delay   4267
phc2sys[8422.939]: phc offset      -910 s2 freq   +3281 delay   5207
phc2sys[8423.940]: phc offset      -337 s2 freq   +3581 delay   5187
phc2sys[8424.940]: phc offset       225 s2 freq   +4042 delay   5167
phc2sys[8425.940]: phc offset       363 s2 freq   +4247 delay   5142
phc2sys[8426.941]: phc offset       205 s2 freq   +4198 delay   5083
phc2sys[8427.941]: phc offset       198 s2 freq   +4253 delay   5147
phc2sys[8428.941]: phc offset       180 s2 freq   +4294 delay   4721
phc2sys[8429.942]: phc offset      -462 s2 freq   +3706 delay   5177
phc2sys[8430.942]: phc offset      -158 s2 freq   +3871 delay   5212
phc2sys[8431.942]: phc offset       -86 s2 freq   +3896 delay   5192
phc2sys[8432.943]: phc offset      -152 s2 freq   +3804 delay   5192
phc2sys[8433.943]: phc offset        56 s2 freq   +3967 delay   5162
phc2sys[8434.943]: phc offset       277 s2 freq   +4204 delay   5147
phc2sys[8435.944]: phc offset       213 s2 freq   +4224 delay   5162
phc2sys[8436.944]: phc offset        86 s2 freq   +4160 delay   5242
phc2sys[8437.944]: phc offset        -6 s2 freq   +4094 delay   5083
phc2sys[8438.945]: phc offset      -194 s2 freq   +3904 delay   5025
phc2sys[8439.945]: phc offset        97 s2 freq   +4137 delay   4731
phc2sys[8440.946]: phc offset      -236 s2 freq   +3833 delay   5232
phc2sys[8441.946]: phc offset       170 s2 freq   +4169 delay   5192
phc2sys[8442.946]: phc offset        95 s2 freq   +4145 delay   5182
phc2sys[8443.947]: phc offset      -165 s2 freq   +3913 delay   5192
phc2sys[8444.947]: phc offset      -189 s2 freq   +3840 delay   5034
phc2sys[8445.947]: phc offset        65 s2 freq   +4037 delay   5192
phc2sys[8446.948]: phc offset       273 s2 freq   +4264 delay   4696
phc2sys[8447.948]: phc offset      -411 s2 freq   +3662 delay   5167
phc2sys[8448.948]: phc offset       160 s2 freq   +4110 delay   4300
phc2sys[8449.949]: phc offset        58 s2 freq   +4056 delay   5083
phc2sys[8450.949]: phc offset        54 s2 freq   +4069 delay   5137
phc2sys[8451.949]: phc offset      -425 s2 freq   +3607 delay   5146
phc2sys[8452.950]: phc offset      -159 s2 freq   +3745 delay   5182
phc2sys[8453.950]: phc offset        36 s2 freq   +3892 delay   5147
phc2sys[8454.950]: phc offset       124 s2 freq   +3991 delay   5212
phc2sys[8455.951]: phc offset       207 s2 freq   +4111 delay   5287
phc2sys[8456.951]: phc offset       105 s2 freq   +4071 delay   5137
phc2sys[8457.952]: phc offset      -198 s2 freq   +3800 delay   5207
phc2sys[8458.952]: phc offset        53 s2 freq   +3992 delay   5147
phc2sys[8459.952]: phc offset       190 s2 freq   +4144 delay   5212
phc2sys[8460.953]: phc offset       114 s2 freq   +4125 delay   5162
phc2sys[8461.953]: phc offset      -127 s2 freq   +3919 delay   5152
phc2sys[8462.953]: phc offset       127 s2 freq   +4135 delay   5182
phc2sys[8463.954]: phc offset       413 s2 freq   +4459 delay   5110
phc2sys[8464.954]: phc offset      -342 s2 freq   +3828 delay   5147
phc2sys[8465.954]: phc offset      -505 s2 freq   +3562 delay   5157
phc2sys[8466.955]: phc offset      -185 s2 freq   +3730 delay   5207
phc2sys[8467.955]: phc offset        17 s2 freq   +3877 delay   5237
phc2sys[8468.955]: phc offset       459 s2 freq   +4324 delay   4631
phc2sys[8469.956]: phc offset        98 s2 freq   +4101 delay   4751
phc2sys[8470.956]: phc offset       -43 s2 freq   +3989 delay   4826
phc2sys[8471.956]: phc offset      -127 s2 freq   +3892 delay   5162
phc2sys[8472.957]: phc offset       -32 s2 freq   +3949 delay   5142
phc2sys[8473.957]: phc offset       151 s2 freq   +4123 delay   5063
phc2sys[8474.957]: phc offset       176 s2 freq   +4193 delay   5317
phc2sys[8475.958]: phc offset       -75 s2 freq   +3995 delay   5197
phc2sys[8476.958]: phc offset       -26 s2 freq   +4021 delay   5212
phc2sys[8477.958]: phc offset        55 s2 freq   +4094 delay   5151
phc2sys[8478.959]: phc offset       -75 s2 freq   +3981 delay   5114
phc2sys[8479.959]: phc offset        89 s2 freq   +4122 delay   5232
phc2sys[8480.960]: phc offset      -103 s2 freq   +3957 delay   5152
phc2sys[8481.960]: phc offset       -23 s2 freq   +4006 delay   5152
phc2sys[8482.960]: phc offset       214 s2 freq   +4236 delay   5262
phc2sys[8483.961]: phc offset       153 s2 freq   +4239 delay   5051
phc2sys[8484.961]: phc offset       -35 s2 freq   +4097 delay   5147
phc2sys[8485.961]: phc offset      -251 s2 freq   +3871 delay   5147
phc2sys[8486.962]: phc offset      -185 s2 freq   +3862 delay   5202
phc2sys[8487.962]: phc offset       227 s2 freq   +4218 delay   4490
phc2sys[8488.962]: phc offset       -74 s2 freq   +3985 delay   5162
phc2sys[8489.963]: phc offset       139 s2 freq   +4176 delay   5237
phc2sys[8490.963]: phc offset       324 s2 freq   +4403 delay   5157
phc2sys[8491.963]: phc offset       139 s2 freq   +4315 delay   5182
phc2sys[8492.964]: phc offset      -594 s2 freq   +3624 delay   5161
phc2sys[8493.964]: phc offset      -449 s2 freq   +3590 delay   5166
phc2sys[8494.964]: phc offset       -89 s2 freq   +3816 delay   5192
phc2sys[8495.965]: phc offset       852 s2 freq   +4730 delay   5167
phc2sys[8496.965]: phc offset       581 s2 freq   +4715 delay   5182
phc2sys[8497.965]: phc offset      -322 s2 freq   +3986 delay   4972
phc2sys[8498.966]: phc offset      -224 s2 freq   +3987 delay   5096
phc2sys[8499.966]: phc offset       262 s2 freq   +4406 delay   5142
phc2sys[8500.966]: phc offset       107 s2 freq   +4330 delay   5187
phc2sys[8501.967]: phc offset      -471 s2 freq   +3784 delay   5182
phc2sys[8502.967]: phc offset      -281 s2 freq   +3832 delay   5142
phc2sys[8503.967]: phc offset       522 s2 freq   +4551 delay   4071
phc2sys[8504.968]: phc offset      -254 s2 freq   +3932 delay   5101
phc2sys[8505.968]: phc offset      -194 s2 freq   +3916 delay   5161
phc2sys[8506.968]: phc offset       -93 s2 freq   +3958 delay   5213
phc2sys[8507.969]: phc offset        39 s2 freq   +4062 delay   5202
phc2sys[8508.969]: phc offset      -137 s2 freq   +3898 delay   5127
phc2sys[8509.970]: phc offset      -103 s2 freq   +3891 delay   5297
phc2sys[8510.970]: phc offset       227 s2 freq   +4190 delay   5197
phc2sys[8511.970]: phc offset       240 s2 freq   +4271 delay   5182
phc2sys[8512.971]: phc offset      -118 s2 freq   +3985 delay   5177
phc2sys[8513.971]: phc offset        76 s2 freq   +4144 delay   5187
phc2sys[8514.971]: phc offset       397 s2 freq   +4488 delay   5221
phc2sys[8515.972]: phc offset       171 s2 freq   +4381 delay   5222
phc2sys[8516.972]: phc offset      -515 s2 freq   +3746 delay   5187
phc2sys[8517.972]: phc offset      -244 s2 freq   +3863 delay   5207
phc2sys[8518.973]: phc offset       -40 s2 freq   +3993 delay   5162
phc2sys[8519.973]: phc offset       134 s2 freq   +4155 delay   5162
phc2sys[8520.973]: phc offset       234 s2 freq   +4296 delay   5162
phc2sys[8521.974]: phc offset       -34 s2 freq   +4098 delay   5182
phc2sys[8522.974]: phc offset       229 s2 freq   +4351 delay   5051
phc2sys[8523.974]: phc offset       186 s2 freq   +4376 delay   5152
phc2sys[8524.975]: phc offset      -338 s2 freq   +3908 delay   5242
phc2sys[8525.975]: phc offset       -31 s2 freq   +4114 delay   5192
phc2sys[8526.976]: phc offset         3 s2 freq   +4138 delay   5051
phc2sys[8527.976]: phc offset      -449 s2 freq   +3687 delay   5192
phc2sys[8528.976]: phc offset      -108 s2 freq   +3894 delay   5152
phc2sys[8529.977]: phc offset        72 s2 freq   +4041 delay   5212
phc2sys[8530.977]: phc offset       288 s2 freq   +4279 delay   4971
phc2sys[8531.977]: phc offset      -243 s2 freq   +3834 delay   5127
phc2sys[8532.978]: phc offset      -222 s2 freq   +3782 delay   5162
phc2sys[8533.978]: phc offset       650 s2 freq   +4588 delay   4575
phc2sys[8534.978]: phc offset       252 s2 freq   +4385 delay   5182
phc2sys[8535.979]: phc offset       377 s2 freq   +4585 delay   4751
phc2sys[8536.979]: phc offset      -277 s2 freq   +4044 delay   5227
phc2sys[8537.979]: phc offset      -323 s2 freq   +3915 delay   5137
phc2sys[8538.980]: phc offset      -241 s2 freq   +3900 delay   5142
phc2sys[8539.980]: phc offset       297 s2 freq   +4366 delay   5227
phc2sys[8540.980]: phc offset       237 s2 freq   +4395 delay   5152
phc2sys[8541.981]: phc offset      -395 s2 freq   +3834 delay   5182
phc2sys[8542.981]: phc offset      -187 s2 freq   +3924 delay   5242
phc2sys[8543.981]: phc offset       -69 s2 freq   +3986 delay   5212
phc2sys[8544.982]: phc offset       -18 s2 freq   +4016 delay   5147
phc2sys[8545.982]: phc offset        97 s2 freq   +4126 delay   5152
phc2sys[8546.982]: phc offset      -135 s2 freq   +3923 delay   5252
phc2sys[8547.983]: phc offset       -59 s2 freq   +3958 delay   5212
phc2sys[8548.983]: phc offset       391 s2 freq   +4390 delay   4951
phc2sys[8549.983]: phc offset       167 s2 freq   +4284 delay   5147
phc2sys[8550.984]: phc offset       496 s2 freq   +4663 delay   5161
phc2sys[8551.984]: phc offset       -27 s2 freq   +4289 delay   5146
phc2sys[8552.984]: phc offset      -834 s2 freq   +3474 delay   5177
phc2sys[8553.985]: phc offset        61 s2 freq   +4118 delay   5127
phc2sys[8554.985]: phc offset       142 s2 freq   +4218 delay   5147
phc2sys[8555.985]: phc offset      -320 s2 freq   +3798 delay   5207
phc2sys[8556.986]: phc offset        -2 s2 freq   +4020 delay   5016
phc2sys[8557.986]: phc offset       344 s2 freq   +4366 delay   4575
phc2sys[8558.986]: phc offset      -215 s2 freq   +3910 delay   5082
phc2sys[8559.987]: phc offset        63 s2 freq   +4123 delay   5213
phc2sys[8560.987]: phc offset       107 s2 freq   +4186 delay   5232
phc2sys[8561.987]: phc offset        77 s2 freq   +4188 delay   5132
phc2sys[8562.988]: phc offset       512 s2 freq   +4646 delay   5147
phc2sys[8563.988]: phc offset       789 s2 freq   +5077 delay   3730
phc2sys[8564.988]: phc offset     -1148 s2 freq   +3377 delay   5101
phc2sys[8565.989]: phc offset      -578 s2 freq   +3602 delay   5083
phc2sys[8566.989]: phc offset       310 s2 freq   +4317 delay   4250
phc2sys[8567.989]: phc offset       218 s2 freq   +4318 delay   4922
phc2sys[8568.989]: phc offset       235 s2 freq   +4400 delay   5082
phc2sys[8569.990]: phc offset       -13 s2 freq   +4223 delay   5052
phc2sys[8570.990]: phc offset       157 s2 freq   +4389 delay   4327
phc2sys[8571.991]: phc offset      -854 s2 freq   +3425 delay   5038
phc2sys[8572.991]: phc offset      -247 s2 freq   +3776 delay   4963
phc2sys[8573.991]: phc offset       -73 s2 freq   +3876 delay   5182
phc2sys[8574.992]: phc offset       104 s2 freq   +4031 delay   5142
phc2sys[8575.992]: phc offset       376 s2 freq   +4334 delay   5088
phc2sys[8576.992]: phc offset        67 s2 freq   +4138 delay   5192
phc2sys[8577.993]: phc offset      -118 s2 freq   +3973 delay   5207
phc2sys[8578.993]: phc offset        65 s2 freq   +4121 delay   5277
phc2sys[8579.993]: phc offset       -43 s2 freq   +4032 delay   5132
phc2sys[8580.994]: phc offset       467 s2 freq   +4529 delay   5067
phc2sys[8581.994]: phc offset       396 s2 freq   +4598 delay   5192
phc2sys[8582.994]: phc offset       232 s2 freq   +4553 delay   4983
phc2sys[8583.995]: phc offset      -327 s2 freq   +4064 delay   5038
phc2sys[8584.995]: phc offset      -938 s2 freq   +3355 delay   5065
phc2sys[8585.995]: phc offset      -373 s2 freq   +3638 delay   5197
phc2sys[8586.996]: phc offset       320 s2 freq   +4219 delay   5083
phc2sys[8587.996]: phc offset        50 s2 freq   +4045 delay   5182
phc2sys[8588.996]: phc offset        89 s2 freq   +4099 delay   5147
phc2sys[8589.997]: phc offset       564 s2 freq   +4601 delay   5217
phc2sys[8590.997]: phc offset       246 s2 freq   +4452 delay   5187
phc2sys[8591.997]: phc offset      -626 s2 freq   +3654 delay   5182
phc2sys[8592.998]: phc offset      -425 s2 freq   +3667 delay   5142
phc2sys[8593.998]: phc offset      -186 s2 freq   +3779 delay   5247
phc2sys[8594.998]: phc offset       141 s2 freq   +4050 delay   5186
phc2sys[8595.999]: phc offset       134 s2 freq   +4085 delay   5067
phc2sys[8596.999]: phc offset        29 s2 freq   +4020 delay   5212
phc2sys[8597.999]: phc offset       281 s2 freq   +4281 delay   5192
phc2sys[8599.000]: phc offset       100 s2 freq   +4184 delay   5162
phc2sys[8600.000]: phc offset       131 s2 freq   +4245 delay   5147
phc2sys[8601.001]: phc offset       198 s2 freq   +4352 delay   5147
phc2sys[8602.001]: phc offset       332 s2 freq   +4545 delay   5217
phc2sys[8603.001]: phc offset       -70 s2 freq   +4243 delay   5212
phc2sys[8604.002]: phc offset       -64 s2 freq   +4228 delay   5152
phc2sys[8605.002]: phc offset       175 s2 freq   +4447 delay   5207
phc2sys[8606.002]: phc offset      -412 s2 freq   +3913 delay   5087
phc2sys[8607.003]: phc offset      -940 s2 freq   +3261 delay   5147
phc2sys[8608.003]: phc offset      -264 s2 freq   +3655 delay   5217
phc2sys[8609.003]: phc offset        43 s2 freq   +3883 delay   5242
phc2sys[8610.004]: phc offset       135 s2 freq   +3988 delay   5232
phc2sys[8611.004]: phc offset       284 s2 freq   +4178 delay   5047
phc2sys[8612.004]: phc offset        87 s2 freq   +4066 delay   5162
phc2sys[8613.005]: phc offset       124 s2 freq   +4129 delay   5227
phc2sys[8614.005]: phc offset       232 s2 freq   +4274 delay   5232
phc2sys[8615.006]: phc offset       194 s2 freq   +4306 delay   5267
phc2sys[8616.006]: phc offset       284 s2 freq   +4454 delay   4821
phc2sys[8617.006]: phc offset      -620 s2 freq   +3635 delay   5172
phc2sys[8618.007]: phc offset       204 s2 freq   +4273 delay   5207
phc2sys[8619.007]: phc offset       174 s2 freq   +4304 delay   5172
phc2sys[8620.007]: phc offset       -58 s2 freq   +4124 delay   4972
phc2sys[8621.008]: phc offset      -349 s2 freq   +3816 delay   5212
phc2sys[8622.008]: phc offset      -364 s2 freq   +3696 delay   5162
phc2sys[8623.009]: phc offset       697 s2 freq   +4648 delay   4701
phc2sys[8624.009]: phc offset       111 s2 freq   +4271 delay   5207
phc2sys[8625.009]: phc offset      -352 s2 freq   +3842 delay   5162
phc2sys[8626.010]: phc offset      -156 s2 freq   +3932 delay   5242
phc2sys[8627.010]: phc offset       347 s2 freq   +4388 delay   5232
phc2sys[8628.010]: phc offset       227 s2 freq   +4372 delay   5212
phc2sys[8629.011]: phc offset      -366 s2 freq   +3847 delay   5212
phc2sys[8630.011]: phc offset      -251 s2 freq   +3853 delay   5056
phc2sys[8631.012]: phc offset       -42 s2 freq   +3986 delay   5277
phc2sys[8632.012]: phc offset       311 s2 freq   +4327 delay   5182
phc2sys[8633.013]: phc offset       528 s2 freq   +4637 delay   5212
phc2sys[8634.013]: phc offset       203 s2 freq   +4470 delay   5083
phc2sys[8635.013]: phc offset      -663 s2 freq   +3665 delay   5167
phc2sys[8636.014]: phc offset      -613 s2 freq   +3516 delay   5262
phc2sys[8637.014]: phc offset         2 s2 freq   +3947 delay   5161
phc2sys[8638.014]: phc offset       208 s2 freq   +4154 delay   5242
phc2sys[8639.015]: phc offset       698 s2 freq   +4706 delay   5237
phc2sys[8640.015]: phc offset       486 s2 freq   +4704 delay   4786
phc2sys[8641.015]: phc offset      -878 s2 freq   +3486 delay   5117
phc2sys[8642.016]: phc offset      -500 s2 freq   +3600 delay   5147
phc2sys[8643.016]: phc offset        96 s2 freq   +4046 delay   5131
phc2sys[8644.017]: phc offset       -46 s2 freq   +3933 delay   5207
phc2sys[8645.017]: phc offset       213 s2 freq   +4178 delay   5078
phc2sys[8646.017]: phc offset       436 s2 freq   +4465 delay   5132
phc2sys[8647.018]: phc offset       465 s2 freq   +4625 delay   5182
phc2sys[8648.018]: phc offset        87 s2 freq   +4386 delay   5197
phc2sys[8649.018]: phc offset      -367 s2 freq   +3959 delay   5192
phc2sys[8650.019]: phc offset      -170 s2 freq   +4045 delay   5167
phc2sys[8651.019]: phc offset      -288 s2 freq   +3876 delay   5182
phc2sys[8652.019]: phc offset        27 s2 freq   +4105 delay   5034
phc2sys[8653.020]: phc offset        42 s2 freq   +4128 delay   5182
phc2sys[8654.020]: phc offset       180 s2 freq   +4279 delay   4786
phc2sys[8655.020]: phc offset       -77 s2 freq   +4076 delay   4606
phc2sys[8656.021]: phc offset      -461 s2 freq   +3669 delay   5207
phc2sys[8657.021]: phc offset      -281 s2 freq   +3710 delay   5152
phc2sys[8658.021]: phc offset       374 s2 freq   +4281 delay   5111
phc2sys[8659.022]: phc offset       233 s2 freq   +4252 delay   5207
phc2sys[8660.022]: phc offset      -393 s2 freq   +3696 delay   5097
phc2sys[8661.022]: phc offset      -390 s2 freq   +3581 delay   5227
phc2sys[8662.023]: phc offset       216 s2 freq   +4070 delay   5247
phc2sys[8663.023]: phc offset       440 s2 freq   +4359 delay   5202
phc2sys[8664.023]: phc offset       230 s2 freq   +4281 delay   5157
phc2sys[8665.024]: phc offset       -33 s2 freq   +4087 delay   5207
phc2sys[8666.024]: phc offset      -109 s2 freq   +4001 delay   5192
phc2sys[8667.024]: phc offset       159 s2 freq   +4236 delay   5162
phc2sys[8668.025]: phc offset       188 s2 freq   +4313 delay   5131
phc2sys[8669.025]: phc offset       325 s2 freq   +4507 delay   5020
phc2sys[8670.026]: phc offset      -220 s2 freq   +4059 delay   5110
phc2sys[8671.026]: phc offset      -596 s2 freq   +3617 delay   5137
phc2sys[8672.026]: phc offset         7 s2 freq   +4041 delay   5182
phc2sys[8673.027]: phc offset       529 s2 freq   +4565 delay   5197
phc2sys[8674.027]: phc offset      -115 s2 freq   +4080 delay   5212
phc2sys[8675.027]: phc offset      -730 s2 freq   +3431 delay   5142
phc2sys[8676.028]: phc offset      -147 s2 freq   +3795 delay   5192
phc2sys[8677.028]: phc offset       557 s2 freq   +4454 delay   4726
phc2sys[8678.028]: phc offset       -36 s2 freq   +4029 delay   5237
phc2sys[8679.029]: phc offset       169 s2 freq   +4223 delay   5202
phc2sys[8680.029]: phc offset       744 s2 freq   +4848 delay   4681
phc2sys[8681.029]: phc offset       362 s2 freq   +4690 delay   5065
phc2sys[8682.030]: phc offset      -306 s2 freq   +4130 delay   4606
phc2sys[8683.030]: phc offset     -1048 s2 freq   +3296 delay   5172
phc2sys[8684.030]: phc offset      -237 s2 freq   +3793 delay   4831
phc2sys[8685.031]: phc offset       115 s2 freq   +4074 delay   5217
phc2sys[8686.031]: phc offset       183 s2 freq   +4176 delay   5109
phc2sys[8687.031]: phc offset       177 s2 freq   +4225 delay   5147
phc2sys[8688.032]: phc offset       462 s2 freq   +4563 delay   5151
phc2sys[8689.032]: phc offset        95 s2 freq   +4335 delay   5132
phc2sys[8690.033]: phc offset      -405 s2 freq   +3864 delay   5151
phc2sys[8691.033]: phc offset      -504 s2 freq   +3643 delay   5100
phc2sys[8692.033]: phc offset      -244 s2 freq   +3752 delay   5192
phc2sys[8693.034]: phc offset       133 s2 freq   +4056 delay   5297
phc2sys[8694.034]: phc offset       141 s2 freq   +4104 delay   5127
phc2sys[8695.034]: phc offset       184 s2 freq   +4189 delay   5167
phc2sys[8696.035]: phc offset       114 s2 freq   +4174 delay   5162
phc2sys[8697.035]: phc offset       728 s2 freq   +4822 delay   4741
phc2sys[8698.035]: phc offset       -47 s2 freq   +4266 delay   5167
phc2sys[8699.036]: phc offset      -794 s2 freq   +3505 delay   5172
phc2sys[8700.036]: phc offset      -506 s2 freq   +3554 delay   5177
phc2sys[8701.037]: phc offset       201 s2 freq   +4110 delay   5197
phc2sys[8702.037]: phc offset       272 s2 freq   +4241 delay   5172
phc2sys[8703.037]: phc offset       871 s2 freq   +4921 delay   4685
phc2sys[8704.038]: phc offset      -228 s2 freq   +4084 delay   5147
phc2sys[8705.038]: phc offset      -628 s2 freq   +3615 delay   5112
phc2sys[8706.038]: phc offset        51 s2 freq   +4106 delay   4700
phc2sys[8707.039]: phc offset      -317 s2 freq   +3753 delay   5237
phc2sys[8708.039]: phc offset        41 s2 freq   +4016 delay   5182
phc2sys[8709.039]: phc offset       222 s2 freq   +4209 delay   5152
phc2sys[8710.040]: phc offset        32 s2 freq   +4086 delay   5163
phc2sys[8711.040]: phc offset        76 s2 freq   +4140 delay   5052
phc2sys[8712.040]: phc offset        57 s2 freq   +4143 delay   5146
phc2sys[8713.041]: phc offset       -66 s2 freq   +4038 delay   5262
phc2sys[8714.041]: phc offset        33 s2 freq   +4117 delay   5187
phc2sys[8715.042]: phc offset        27 s2 freq   +4121 delay   5020
phc2sys[8716.042]: phc offset       -38 s2 freq   +4064 delay   5162
phc2sys[8717.042]: phc offset      -114 s2 freq   +3976 delay   5147
phc2sys[8718.043]: phc offset        14 s2 freq   +4070 delay   4972
phc2sys[8719.043]: phc offset      -117 s2 freq   +3943 delay   5039
phc2sys[8720.043]: phc offset       -27 s2 freq   +3998 delay   5039
phc2sys[8721.044]: phc offset       290 s2 freq   +4307 delay   5031
phc2sys[8722.044]: phc offset       462 s2 freq   +4566 delay   4362
phc2sys[8723.044]: phc offset      -458 s2 freq   +3785 delay   5157
phc2sys[8724.045]: phc offset      -237 s2 freq   +3868 delay   5172
phc2sys[8725.045]: phc offset        -6 s2 freq   +4028 delay   5132
phc2sys[8726.045]: phc offset       298 s2 freq   +4330 delay   5137
phc2sys[8727.046]: phc offset       -12 s2 freq   +4110 delay   5182
phc2sys[8728.046]: phc offset       -71 s2 freq   +4047 delay   4971
phc2sys[8729.046]: phc offset      -216 s2 freq   +3881 delay   5132
phc2sys[8730.047]: phc offset      -313 s2 freq   +3719 delay   5182
phc2sys[8731.047]: phc offset       -72 s2 freq   +3866 delay   5182
phc2sys[8732.047]: phc offset       267 s2 freq   +4184 delay   5072
phc2sys[8733.048]: phc offset       702 s2 freq   +4699 delay   5167
phc2sys[8734.048]: phc offset       -18 s2 freq   +4189 delay   5212
phc2sys[8735.048]: phc offset      -449 s2 freq   +3753 delay   5222
phc2sys[8736.049]: phc offset         3 s2 freq   +4070 delay   5207
phc2sys[8737.049]: phc offset       184 s2 freq   +4252 delay   5172
phc2sys[8738.049]: phc offset      -119 s2 freq   +4004 delay   5096
phc2sys[8739.050]: phc offset        49 s2 freq   +4137 delay   5282
phc2sys[8740.050]: phc offset       145 s2 freq   +4247 delay   5192
phc2sys[8741.050]: phc offset       298 s2 freq   +4444 delay   4711
phc2sys[8742.051]: phc offset      -118 s2 freq   +4117 delay   5177
phc2sys[8743.051]: phc offset      -163 s2 freq   +4037 delay   5117
phc2sys[8744.052]: phc offset       441 s2 freq   +4592 delay   5237
phc2sys[8745.052]: phc offset      -114 s2 freq   +4169 delay   5172
phc2sys[8746.052]: phc offset      -834 s2 freq   +3415 delay   5177
phc2sys[8747.053]: phc offset      -196 s2 freq   +3803 delay   5182
phc2sys[8748.053]: phc offset       339 s2 freq   +4279 delay   5152
phc2sys[8749.053]: phc offset       356 s2 freq   +4398 delay   5157
phc2sys[8750.054]: phc offset       362 s2 freq   +4511 delay   4761
phc2sys[8751.054]: phc offset      -338 s2 freq   +3919 delay   5192
phc2sys[8752.054]: phc offset       148 s2 freq   +4304 delay   4633
phc2sys[8753.055]: phc offset      -344 s2 freq   +3856 delay   5047
phc2sys[8754.055]: phc offset       203 s2 freq   +4300 delay   5237
phc2sys[8755.056]: phc offset       -43 s2 freq   +4115 delay   5202
phc2sys[8756.056]: phc offset       -37 s2 freq   +4108 delay   5147
phc2sys[8757.056]: phc offset       -71 s2 freq   +4063 delay   5187
phc2sys[8758.057]: phc offset      -367 s2 freq   +3746 delay   5177
phc2sys[8759.057]: phc offset       136 s2 freq   +4138 delay   4706
phc2sys[8760.057]: phc offset      -260 s2 freq   +3783 delay   5192
phc2sys[8761.058]: phc offset        41 s2 freq   +4006 delay   5162
phc2sys[8762.058]: phc offset       747 s2 freq   +4725 delay   5192
phc2sys[8763.058]: phc offset       294 s2 freq   +4496 delay   5227
phc2sys[8764.059]: phc offset      -478 s2 freq   +3812 delay   5197
phc2sys[8765.059]: phc offset       -68 s2 freq   +4078 delay   4786
phc2sys[8766.060]: phc offset      -498 s2 freq   +3628 delay   5052
phc2sys[8767.060]: phc offset         4 s2 freq   +3981 delay   5081
phc2sys[8768.060]: phc offset        85 s2 freq   +4063 delay   5182
phc2sys[8769.061]: phc offset       -14 s2 freq   +3989 delay   5182
phc2sys[8770.061]: phc offset       683 s2 freq   +4682 delay   5242
phc2sys[8771.061]: phc offset       271 s2 freq   +4475 delay   5127
phc2sys[8772.062]: phc offset      -517 s2 freq   +3768 delay   5192
phc2sys[8773.062]: phc offset      -220 s2 freq   +3910 delay   5192
phc2sys[8774.062]: phc offset       112 s2 freq   +4176 delay   5117
phc2sys[8775.063]: phc offset       505 s2 freq   +4603 delay   5212
phc2sys[8776.063]: phc offset       215 s2 freq   +4464 delay   5202
phc2sys[8777.063]: phc offset      -442 s2 freq   +3872 delay   5177
phc2sys[8778.064]: phc offset       -32 s2 freq   +4149 delay   5167
phc2sys[8779.064]: phc offset        55 s2 freq   +4227 delay   5087
phc2sys[8780.064]: phc offset       100 s2 freq   +4288 delay   5177
phc2sys[8781.065]: phc offset       196 s2 freq   +4414 delay   5177
phc2sys[8782.065]: phc offset       318 s2 freq   +4595 delay   4549
phc2sys[8783.065]: phc offset      -959 s2 freq   +3413 delay   5167
phc2sys[8784.066]: phc offset      -296 s2 freq   +3789 delay   5207
phc2sys[8785.066]: phc offset       -22 s2 freq   +3974 delay   5152
phc2sys[8786.066]: phc offset      -271 s2 freq   +3718 delay   5238
phc2sys[8787.067]: phc offset       474 s2 freq   +4382 delay   5043
phc2sys[8788.067]: phc offset       400 s2 freq   +4450 delay   5027
phc2sys[8789.067]: phc offset      -203 s2 freq   +3967 delay   5131
phc2sys[8790.068]: phc offset      -219 s2 freq   +3890 delay   5182
phc2sys[8791.068]: phc offset         2 s2 freq   +4046 delay   5207
phc2sys[8792.068]: phc offset       207 s2 freq   +4251 delay   5069
phc2sys[8793.069]: phc offset       759 s2 freq   +4865 delay   4701
phc2sys[8794.069]: phc offset       271 s2 freq   +4605 delay   5157
phc2sys[8795.070]: phc offset      -458 s2 freq   +3957 delay   5162
phc2sys[8796.070]: phc offset      -887 s2 freq   +3391 delay   5228
phc2sys[8797.070]: phc offset      -160 s2 freq   +3852 delay   5232
phc2sys[8798.071]: phc offset       -40 s2 freq   +3924 delay   5192
phc2sys[8799.071]: phc offset       -37 s2 freq   +3915 delay   5182
phc2sys[8800.071]: phc offset       287 s2 freq   +4228 delay   5152
phc2sys[8801.072]: phc offset       287 s2 freq   +4314 delay   5182
phc2sys[8802.072]: phc offset        23 s2 freq   +4136 delay   5047
phc2sys[8803.072]: phc offset       256 s2 freq   +4376 delay   4630
phc2sys[8804.073]: phc offset      -317 s2 freq   +3880 delay   5182
phc2sys[8805.073]: phc offset       307 s2 freq   +4408 delay   4791
phc2sys[8806.073]: phc offset      -100 s2 freq   +4094 delay   5202
phc2sys[8807.074]: phc offset      -463 s2 freq   +3701 delay   5227
phc2sys[8808.074]: phc offset       -81 s2 freq   +3944 delay   5152
phc2sys[8809.074]: phc offset       -74 s2 freq   +3926 delay   5167
phc2sys[8810.075]: phc offset        -8 s2 freq   +3970 delay   5162
phc2sys[8811.075]: phc offset       275 s2 freq   +4251 delay   5182
phc2sys[8812.076]: phc offset       171 s2 freq   +4229 delay   5176
phc2sys[8813.076]: phc offset       166 s2 freq   +4276 delay   5197
phc2sys[8814.076]: phc offset      -148 s2 freq   +4011 delay   5307
phc2sys[8815.077]: phc offset        71 s2 freq   +4186 delay   5197
phc2sys[8816.077]: phc offset       609 s2 freq   +4745 delay   5192
phc2sys[8817.077]: phc offset        83 s2 freq   +4402 delay   5172
phc2sys[8818.078]: phc offset      -784 s2 freq   +3560 delay   5177
phc2sys[8819.078]: phc offset      -336 s2 freq   +3773 delay   5146
phc2sys[8820.079]: phc offset       289 s2 freq   +4297 delay   5182
phc2sys[8821.079]: phc offset       576 s2 freq   +4671 delay   5162
phc2sys[8822.079]: phc offset      -204 s2 freq   +4063 delay   5182
phc2sys[8823.080]: phc offset      -563 s2 freq   +3643 delay   5182
phc2sys[8824.080]: phc offset      -125 s2 freq   +3912 delay   5131
phc2sys[8825.080]: phc offset       367 s2 freq   +4367 delay   4952
phc2sys[8826.081]: phc offset      -591 s2 freq   +3519 delay   6600
phc2sys[8827.081]: phc offset       242 s2 freq   +4175 delay   4741
phc2sys[8828.081]: phc offset       140 s2 freq   +4145 delay   4711
phc2sys[8829.082]: phc offset       -29 s2 freq   +4018 delay   5147
phc2sys[8830.082]: phc offset       664 s2 freq   +4702 delay   4279
phc2sys[8831.082]: phc offset       317 s2 freq   +4555 delay   5306
phc2sys[8832.083]: phc offset        65 s2 freq   +4398 delay   5192
phc2sys[8833.083]: phc offset      -495 s2 freq   +3857 delay   5177
phc2sys[8834.083]: phc offset      -283 s2 freq   +3921 delay   4761
phc2sys[8835.084]: phc offset      -565 s2 freq   +3554 delay   5237
phc2sys[8836.084]: phc offset        30 s2 freq   +3979 delay   4971
phc2sys[8837.085]: phc offset       200 s2 freq   +4158 delay   5192
phc2sys[8838.085]: phc offset       149 s2 freq   +4167 delay   5100
phc2sys[8839.085]: phc offset       275 s2 freq   +4338 delay   4951
phc2sys[8840.086]: phc offset       165 s2 freq   +4311 delay   5047
phc2sys[8841.086]: phc offset        55 s2 freq   +4250 delay   5039
phc2sys[8842.086]: phc offset       -23 s2 freq   +4189 delay   5182
phc2sys[8843.087]: phc offset       -58 s2 freq   +4147 delay   5242
phc2sys[8844.087]: phc offset      -222 s2 freq   +3965 delay   5162
phc2sys[8845.087]: phc offset      -124 s2 freq   +3997 delay   5192
phc2sys[8846.088]: phc offset        45 s2 freq   +4128 delay   5212
phc2sys[8847.088]: phc offset       142 s2 freq   +4239 delay   5207
phc2sys[8848.088]: phc offset       565 s2 freq   +4705 delay   5167
phc2sys[8849.089]: phc offset       415 s2 freq   +4724 delay   5212
phc2sys[8850.089]: phc offset      -374 s2 freq   +4060 delay   5212
phc2sys[8851.089]: phc offset     -1121 s2 freq   +3200 delay   5192
phc2sys[8852.090]: phc offset      -762 s2 freq   +3223 delay   5197
phc2sys[8853.090]: phc offset        41 s2 freq   +3797 delay   5182
phc2sys[8854.090]: phc offset       580 s2 freq   +4349 delay   4826
phc2sys[8855.091]: phc offset        55 s2 freq   +3998 delay   5191
phc2sys[8856.091]: phc offset       301 s2 freq   +4260 delay   5111
phc2sys[8857.091]: phc offset       268 s2 freq   +4318 delay   5162
phc2sys[8858.092]: phc offset      -145 s2 freq   +3985 delay   5192
phc2sys[8859.092]: phc offset       -99 s2 freq   +3987 delay   5177
phc2sys[8860.093]: phc offset        84 s2 freq   +4141 delay   5100
phc2sys[8861.093]: phc offset        14 s2 freq   +4096 delay   5242
phc2sys[8862.093]: phc offset       633 s2 freq   +4719 delay   5317
phc2sys[8863.094]: phc offset        88 s2 freq   +4364 delay   5192
phc2sys[8864.094]: phc offset        95 s2 freq   +4397 delay   4716
phc2sys[8865.094]: phc offset      -571 s2 freq   +3760 delay   5237
phc2sys[8866.095]: phc offset      -147 s2 freq   +4013 delay   5232
phc2sys[8867.095]: phc offset      -119 s2 freq   +3997 delay   5277
phc2sys[8868.095]: phc offset      -297 s2 freq   +3783 delay   5141
phc2sys[8869.096]: phc offset      -153 s2 freq   +3838 delay   5162
phc2sys[8870.096]: phc offset       144 s2 freq   +4089 delay   5197
phc2sys[8871.096]: phc offset       154 s2 freq   +4142 delay   5182
phc2sys[8872.097]: phc offset       667 s2 freq   +4701 delay   4269
phc2sys[8873.097]: phc offset      -265 s2 freq   +3969 delay   4909
phc2sys[8874.097]: phc offset      -216 s2 freq   +3939 delay   5167
phc2sys[8875.098]: phc offset        62 s2 freq   +4152 delay   5070
phc2sys[8876.098]: phc offset       176 s2 freq   +4285 delay   5065
phc2sys[8877.098]: phc offset        41 s2 freq   +4202 delay   4460
phc2sys[8878.099]: phc offset      -256 s2 freq   +3918 delay   5065
phc2sys[8879.099]: phc offset        -2 s2 freq   +4095 delay   4865
phc2sys[8880.099]: phc offset       -16 s2 freq   +4080 delay   4824
phc2sys[8881.100]: phc offset      -167 s2 freq   +3925 delay   5257
phc2sys[8882.100]: phc offset       -26 s2 freq   +4015 delay   5182
phc2sys[8883.076]: phc offset        80 s2 freq   +4114 delay   5268
