ptp4l[3390.905]: port 1: INITIALIZING to LISTENING on INITIALIZE
ptp4l[3390.905]: port 0: INITIALIZING to LISTENING on INITIALIZE
ptp4l[3392.007]: port 1: new foreign master f8b156.fffe.c1832e-1
ptp4l[3396.007]: selected best master clock f8b156.fffe.c1832e
ptp4l[3396.008]: port 1: LISTENING to UNCALIBRATED on RS_SLAVE
ptp4l[3397.008]: master offset    6148876 s0 freq  -14475 path delay         0
ptp4l[3398.008]: master offset    5981616 s0 freq  -14475 path delay    143222
ptp4l[3399.008]: master offset    6024573 s0 freq  -14475 path delay    145664
ptp4l[3400.008]: master offset    6013365 s0 freq  -14475 path delay    145664
ptp4l[3401.008]: master offset    6051918 s0 freq  -14475 path delay    143403
ptp4l[3402.008]: master offset    5979701 s0 freq  -14475 path delay    143222
ptp4l[3403.008]: master offset    6071917 s0 freq  -14475 path delay    143222
ptp4l[3404.008]: master offset    6023559 s0 freq  -14475 path delay    143222
ptp4l[3405.008]: master offset    6093572 s0 freq  -14475 path delay    143222
ptp4l[3406.008]: master offset    6026876 s0 freq  -14475 path delay    143403
ptp4l[3407.008]: master offset    6104214 s0 freq  -14475 path delay    142301
ptp4l[3408.008]: master offset    6026929 s0 freq  -14475 path delay    142482
ptp4l[3409.008]: master offset    6070435 s0 freq  -14475 path delay    142482
ptp4l[3410.008]: master offset    6063698 s0 freq  -14475 path delay    138841
ptp4l[3411.009]: master offset    6171827 s0 freq  -14475 path delay    138841
ptp4l[3412.008]: master offset    6092102 s0 freq  -14475 path delay    138841
ptp4l[3413.009]: master offset    6227641 s1 freq   -9552 path delay    114953
ptp4l[3414.012]: master offset    2976828 s2 freq +291107 path delay    114953
ptp4l[3414.012]: port 1: UNCALIBRATED to SLAVE on MASTER_CLOCK_SELECTED
ptp4l[3415.014]: master offset    5559513 s2 freq +554935 path delay    114953
ptp4l[3416.016]: master offset    7465184 s2 freq +752967 path delay    112097
ptp4l[3417.018]: master offset    8927580 s2 freq +908135 path delay    112097
ptp4l[3418.019]: master offset    9880156 s2 freq +1013272 path delay    112097
ptp4l[3419.020]: master offset   10525964 s2 freq +1088379 path delay    112097
ptp4l[3420.020]: master offset   10928727 s2 freq +1139584 path delay     72332
ptp4l[3421.020]: master offset   11091233 s2 freq +1166926 path delay     71085
ptp4l[3422.020]: master offset   11016257 s2 freq +1170445 path delay     71085
ptp4l[3423.020]: master offset   10823182 s2 freq +1161960 path delay     71085
ptp4l[3424.020]: master offset   10443695 s2 freq +1134455 path delay     71085
ptp4l[3425.020]: master offset   10035168 s2 freq +1103638 path delay    124049
ptp4l[3426.019]: master offset    9599770 s2 freq +1069698 path delay    142913
ptp4l[3427.019]: master offset    9061322 s2 freq +1024914 path delay    142913
ptp4l[3428.018]: master offset    8541728 s2 freq +981497 path delay    142913
ptp4l[3429.018]: master offset    8001190 s2 freq +935444 path delay    150372
ptp4l[3430.017]: master offset    7391584 s2 freq +881875 path delay    189957
ptp4l[3431.017]: master offset    6839919 s2 freq +833548 path delay    204074
ptp4l[3432.016]: master offset    6291849 s2 freq +785033 path delay    208960
ptp4l[3433.016]: master offset    5759951 s2 freq +737603 path delay    208960
ptp4l[3434.015]: master offset    5182822 s2 freq +685073 path delay    254648
ptp4l[3435.015]: master offset    4696337 s2 freq +641121 path delay    254648
ptp4l[3436.015]: master offset    4217076 s2 freq +597412 path delay    254648
ptp4l[3437.014]: master offset    3760233 s2 freq +555488 path delay    254648
ptp4l[3438.014]: master offset    3348839 s2 freq +517698 path delay    243053
ptp4l[3439.014]: master offset    2951267 s2 freq +480892 path delay    243053
ptp4l[3440.013]: master offset    2569219 s2 freq +445256 path delay    228290
ptp4l[3441.013]: master offset    2207813 s2 freq +411323 path delay    240832
ptp4l[3442.013]: master offset    1863059 s2 freq +378711 path delay    240832
ptp4l[3443.013]: master offset    1541619 s2 freq +348109 path delay    240832
ptp4l[3444.012]: master offset    1265070 s2 freq +321719 path delay    228187
ptp4l[3445.012]: master offset     992121 s2 freq +295416 path delay    232014
ptp4l[3446.012]: master offset     735955 s2 freq +270535 path delay    228187
ptp4l[3447.013]: master offset    1937453 s2 freq +392623 path delay    228187
ptp4l[3448.015]: master offset    2999365 s2 freq +501813 path delay    178973
ptp4l[3449.015]: master offset    3851899 s2 freq +590918 path delay    178973
ptp4l[3450.016]: master offset    4493064 s2 freq +659528 path delay    178973
ptp4l[3451.017]: master offset    5085355 s2 freq +723842 path delay    107208
ptp4l[3452.017]: master offset    5526597 s2 freq +773493 path delay     20068
ptp4l[3453.017]: master offset    5793627 s2 freq +805990 path delay     20068
ptp4l[3454.018]: master offset    5939978 s2 freq +826565 path delay     20068
ptp4l[3455.018]: master offset    6033986 s2 freq +842000 path delay     20068
ptp4l[3456.018]: master offset    6016434 s2 freq +846261 path delay     20068
ptp4l[3457.018]: master offset    5886070 s2 freq +839111 path delay    118989
ptp4l[3458.018]: master offset    5751515 s2 freq +831407 path delay    141883
ptp4l[3459.018]: master offset    5607850 s2 freq +822648 path delay    143054
ptp4l[3460.018]: master offset    5449833 s2 freq +812296 path delay    143054
ptp4l[3461.018]: master offset    5230156 s2 freq +795559 path delay    158590
ptp4l[3462.017]: master offset    5002104 s2 freq +777755 path delay    169233
ptp4l[3463.017]: master offset    4764528 s2 freq +758762 path delay    182270
ptp4l[3464.017]: master offset    4484832 s2 freq +735278 path delay    188722
ptp4l[3465.017]: master offset    4246169 s2 freq +715658 path delay    188722
ptp4l[3466.017]: master offset    3952632 s2 freq +690256 path delay    193019
ptp4l[3467.016]: master offset    3690316 s2 freq +667715 path delay    193019
ptp4l[3468.016]: master offset    3396228 s2 freq +641703 path delay    190798
ptp4l[3469.016]: master offset    3105780 s2 freq +615764 path delay    192841
ptp4l[3470.016]: master offset    2846556 s2 freq +592688 path delay    192841
ptp4l[3471.016]: master offset    2582171 s2 freq +568831 path delay    192841
ptp4l[3472.015]: master offset    2296733 s2 freq +542584 path delay    192841
ptp4l[3473.015]: master offset    2048557 s2 freq +519815 path delay    186328
ptp4l[3474.015]: master offset    1786687 s2 freq +495415 path delay    186328
ptp4l[3475.015]: master offset    1551070 s2 freq +473404 path delay    186328
ptp4l[3476.015]: master offset    1289583 s2 freq +448545 path delay    186328
ptp4l[3477.015]: master offset    1074067 s2 freq +428068 path delay    186328
ptp4l[3478.014]: master offset     843013 s2 freq +405805 path delay    179472
ptp4l[3479.014]: master offset     655025 s2 freq +387662 path delay    166933
ptp4l[3480.014]: master offset     426559 s2 freq +365241 path delay    166933
ptp4l[3481.014]: master offset     219903 s2 freq +344796 path delay    177722
ptp4l[3482.014]: master offset      29114 s2 freq +325746 path delay    177722
ptp4l[3483.014]: master offset    -143091 s2 freq +308382 path delay    201407
ptp4l[3484.014]: master offset    -336819 s2 freq +288673 path delay    196911
ptp4l[3485.014]: master offset    -466627 s2 freq +275225 path delay    196911
ptp4l[3486.014]: master offset    -665988 s2 freq +254623 path delay    196911
ptp4l[3487.014]: master offset    -791506 s2 freq +241280 path delay    196911
ptp4l[3488.014]: master offset    -933773 s2 freq +226119 path delay    192623
ptp4l[3489.014]: master offset   -1051835 s2 freq +213261 path delay    192623
ptp4l[3490.014]: master offset   -1178335 s2 freq +199433 path delay    175455
ptp4l[3491.014]: master offset   -1275281 s2 freq +188463 path delay    175455
ptp4l[3492.014]: master offset   -1383037 s2 freq +176305 path delay    166245
ptp4l[3493.014]: master offset   -1466123 s2 freq +166530 path delay    159040
ptp4l[3494.014]: master offset   -1579023 s2 freq +153661 path delay    159040
ptp4l[3495.014]: master offset   -1647425 s2 freq +145173 path delay    157469
ptp4l[3496.014]: master offset   -1711279 s2 freq +137077 path delay    157469
ptp4l[3497.014]: master offset   -1809872 s2 freq +125407 path delay    159280
ptp4l[3498.014]: master offset   -1897722 s2 freq +114725 path delay    161007
ptp4l[3499.014]: master offset   -1938199 s2 freq +108739 path delay    161007
ptp4l[3500.014]: master offset   -2035285 s2 freq  +96995 path delay    165641
ptp4l[3501.014]: master offset   -2066787 s2 freq  +91778 path delay    165641
ptp4l[3502.014]: master offset   -2141330 s2 freq  +82182 path delay    165641
ptp4l[3503.014]: master offset   -2174852 s2 freq  +76655 path delay    167626
ptp4l[3504.014]: master offset   -2215975 s2 freq  +70327 path delay    162992
ptp4l[3505.014]: master offset   -2243784 s2 freq  +65302 path delay    151618
ptp4l[3506.014]: master offset   -2330721 s2 freq  +54278 path delay    149864
ptp4l[3507.014]: master offset   -2291388 s2 freq  +55920 path delay    144656
ptp4l[3508.014]: master offset   -2309763 s2 freq  +51772 path delay    128786
ptp4l[3509.014]: master offset   -2340223 s2 freq  +46386 path delay    134468
ptp4l[3510.014]: master offset   -2380406 s2 freq  +39988 path delay    143299
ptp4l[3511.015]: master offset   -1524966 s2 freq +124007 path delay    143299
ptp4l[3512.016]: master offset    -770004 s2 freq +198733 path delay    134468
ptp4l[3513.017]: master offset     -97612 s2 freq +265874 path delay    134468
ptp4l[3514.018]: master offset     473759 s2 freq +323485 path delay    122786
ptp4l[3515.018]: master offset     943133 s2 freq +371366 path delay    118248
ptp4l[3516.019]: master offset    1371136 s2 freq +415537 path delay    118248
ptp4l[3517.019]: master offset    1685011 s2 freq +448610 path delay    115577
ptp4l[3518.020]: master offset    1994954 s2 freq +481599 path delay    112775
ptp4l[3519.020]: master offset    2231839 s2 freq +507519 path delay    112775
ptp4l[3520.020]: master offset    2410154 s2 freq +527761 path delay    105749
ptp4l[3521.020]: master offset    2547124 s2 freq +544005 path delay    102817
ptp4l[3522.021]: master offset    2664027 s2 freq +558359 path delay     95289
ptp4l[3523.021]: master offset    2735401 s2 freq +568232 path delay     95289
ptp4l[3524.021]: master offset    2780454 s2 freq +575518 path delay    102817
ptp4l[3525.021]: master offset    2772687 s2 freq +577514 path delay    102817
ptp4l[3526.021]: master offset    2752058 s2 freq +578203 path delay    107157
ptp4l[3527.021]: master offset    2712979 s2 freq +577008 path delay    110807
ptp4l[3528.021]: master offset    2669948 s2 freq +575375 path delay    114730
ptp4l[3529.021]: master offset    2623340 s2 freq +573338 path delay    114730
ptp4l[3530.021]: master offset    2535229 s2 freq +567062 path delay    118495
ptp4l[3531.021]: master offset    2451293 s2 freq +561119 path delay    133280
ptp4l[3532.021]: master offset    2332726 s2 freq +551595 path delay    148257
ptp4l[3533.021]: master offset    2246357 s2 freq +545205 path delay    148257
ptp4l[3534.021]: master offset    2128714 s2 freq +535569 path delay    148257
ptp4l[3535.021]: master offset    2005473 s2 freq +525251 path delay    149796
ptp4l[3536.021]: master offset    1901565 s2 freq +516761 path delay    152636
ptp4l[3537.021]: master offset    1808633 s2 freq +509277 path delay    159603
ptp4l[3538.021]: master offset    1659740 s2 freq +496047 path delay    154485
ptp4l[3539.021]: master offset    1548130 s2 freq +486434 path delay    154485
ptp4l[3540.021]: master offset    1413613 s2 freq +474396 path delay    154485
ptp4l[3541.021]: master offset    1298066 s2 freq +464140 path delay    154485
ptp4l[3542.021]: master offset    1168522 s2 freq +452354 path delay    154485
ptp4l[3543.021]: master offset    1052229 s2 freq +441777 path delay    157368
ptp4l[3544.021]: master offset     919449 s2 freq +429418 path delay    159245
ptp4l[3545.021]: master offset     789859 s2 freq +417249 path delay    167563
ptp4l[3546.021]: master offset     672495 s2 freq +406185 path delay    167563
ptp4l[3547.020]: master offset     555682 s2 freq +395060 path delay    170069
ptp4l[3548.020]: master offset     433076 s2 freq +383232 path delay    170069
ptp4l[3549.020]: master offset     329773 s2 freq +373231 path delay    170069
ptp4l[3550.020]: master offset     220203 s2 freq +362495 path delay    170069
ptp4l[3551.020]: master offset     122456 s2 freq +352842 path delay    163815
ptp4l[3552.020]: master offset       6156 s2 freq +341219 path delay    165060
ptp4l[3553.020]: master offset     -71224 s2 freq +333409 path delay    151941
ptp4l[3554.020]: master offset    -174277 s2 freq +322930 path delay    145342
ptp4l[3555.020]: master offset    -266248 s2 freq +313466 path delay    138267
ptp4l[3556.020]: master offset    -368451 s2 freq +302878 path delay    138267
ptp4l[3557.020]: master offset    -450722 s2 freq +294200 path delay    142206
ptp4l[3558.020]: master offset    -554886 s2 freq +283229 path delay    143172
ptp4l[3559.020]: master offset    -631412 s2 freq +274945 path delay    143172
ptp4l[3560.020]: master offset    -725973 s2 freq +264763 path delay    145342
ptp4l[3561.020]: master offset    -790262 s2 freq +257543 path delay    143172
ptp4l[3562.020]: master offset    -875450 s2 freq +248149 path delay    140242
ptp4l[3563.020]: master offset    -958732 s2 freq +238862 path delay    140242
ptp4l[3564.020]: master offset   -1029143 s2 freq +230792 path delay    142190
ptp4l[3565.020]: master offset   -1081641 s2 freq +224460 path delay    140242
ptp4l[3566.020]: master offset   -1160100 s2 freq +215454 path delay    142190
ptp4l[3567.020]: master offset   -1224938 s2 freq +207746 path delay    142190
ptp4l[3568.020]: master offset   -1287551 s2 freq +200197 path delay    142190
ptp4l[3569.020]: master offset   -1340734 s2 freq +193538 path delay    144401
ptp4l[3570.020]: master offset   -1399481 s2 freq +186264 path delay    144401
ptp4l[3571.020]: master offset   -1444394 s2 freq +180328 path delay    144401
ptp4l[3572.021]: master offset   -1500618 s2 freq +173205 path delay    144401
ptp4l[3573.021]: master offset   -1532283 s2 freq +168506 path delay    153575
ptp4l[3574.021]: master offset   -1608289 s2 freq +159297 path delay    153575
ptp4l[3575.021]: master offset   -1657213 s2 freq +152748 path delay    149970
ptp4l[3576.021]: master offset   -1691727 s2 freq +147605 path delay    149970
ptp4l[3577.021]: master offset   -1707594 s2 freq +144310 path delay    143673
ptp4l[3578.021]: master offset   -1751656 s2 freq +138152 path delay    140189
ptp4l[3579.021]: master offset   -1787617 s2 freq +132769 path delay    143673
ptp4l[3580.021]: master offset   -1826816 s2 freq +127022 path delay    143673
ptp4l[3581.021]: master offset   -1860909 s2 freq +121752 path delay    140189
ptp4l[3582.021]: master offset   -1877612 s2 freq +118204 path delay    140189
ptp4l[3583.021]: master offset   -1922192 s2 freq +111824 path delay    143675
ptp4l[3584.021]: master offset   -1936019 s2 freq +108505 path delay    143675
ptp4l[3585.021]: master offset   -1944101 s2 freq +105753 path delay    143675
ptp4l[3586.021]: master offset   -1985316 s2 freq  +99646 path delay    147500
ptp4l[3587.021]: master offset   -2004864 s2 freq  +95686 path delay    142489
ptp4l[3588.021]: master offset   -2028970 s2 freq  +91247 path delay    148700
ptp4l[3589.021]: master offset   -2042146 s2 freq  +87887 path delay    149122
ptp4l[3590.022]: master offset   -2063725 s2 freq  +83665 path delay    151181
ptp4l[3591.022]: master offset   -2071609 s2 freq  +80805 path delay    151181
ptp4l[3592.022]: master offset   -2125792 s2 freq  +73261 path delay    151181
ptp4l[3593.022]: master offset   -2083649 s2 freq  +75392 path delay    147513
ptp4l[3594.022]: master offset   -2101210 s2 freq  +71534 path delay    143081
ptp4l[3595.022]: master offset   -2128023 s2 freq  +66725 path delay    143081
ptp4l[3596.022]: master offset   -2130245 s2 freq  +64373 path delay    150771
ptp4l[3597.022]: master offset   -2141131 s2 freq  +61143 path delay    146300
ptp4l[3598.022]: master offset   -2129610 s2 freq  +60165 path delay    138546
ptp4l[3599.022]: master offset   -2135853 s2 freq  +57405 path delay    138546
ptp4l[3600.022]: master offset   -2142996 s2 freq  +54548 path delay    138546
ptp4l[3601.022]: master offset   -2134013 s2 freq  +53312 path delay    138551
ptp4l[3602.023]: master offset   -2156092 s2 freq  +48948 path delay    142247
ptp4l[3603.023]: master offset   -2151753 s2 freq  +47230 path delay    142247
ptp4l[3604.023]: master offset   -2162231 s2 freq  +44020 path delay    138551
ptp4l[3605.023]: master offset   -2148769 s2 freq  +43218 path delay    138551
ptp4l[3606.023]: master offset   -2182989 s2 freq  +37613 path delay    139871
ptp4l[3607.023]: master offset   -2127866 s2 freq  +40997 path delay    134736
ptp4l[3608.023]: master offset   -2157351 s2 freq  +35891 path delay    134736
ptp4l[3609.023]: master offset   -2132090 s2 freq  +36285 path delay    132117
ptp4l[3610.023]: master offset   -2152025 s2 freq  +32140 path delay    132117
ptp4l[3611.023]: master offset   -2136282 s2 freq  +31578 path delay    132117
ptp4l[3612.023]: master offset   -2141198 s2 freq  +28945 path delay    132117
ptp4l[3613.024]: master offset   -2130022 s2 freq  +27933 path delay    131334
ptp4l[3614.024]: master offset   -2134711 s2 freq  +25329 path delay    132117
ptp4l[3615.024]: master offset   -2119976 s2 freq  +24683 path delay    132117
ptp4l[3616.024]: master offset   -2126887 s2 freq  +21865 path delay    133337
ptp4l[3617.024]: master offset   -2106893 s2 freq  +21757 path delay    131358
ptp4l[3618.024]: master offset   -2108846 s2 freq  +19453 path delay    131358
ptp4l[3619.024]: master offset   -2091884 s2 freq  +19057 path delay    132554
ptp4l[3620.024]: master offset   -2095045 s2 freq  +16646 path delay    135209
ptp4l[3621.024]: master offset   -2097328 s2 freq  +14321 path delay    135209
ptp4l[3622.024]: master offset   -2080591 s2 freq  +13914 path delay    135209
ptp4l[3623.024]: master offset   -2127069 s2 freq   +7139 path delay    135209
ptp4l[3624.025]: master offset   -2054914 s2 freq  +12299 path delay    135209
ptp4l[3625.025]: master offset   -2044395 s2 freq  +11307 path delay    139620
ptp4l[3626.025]: master offset   -2040744 s2 freq   +9631 path delay    139620
ptp4l[3627.025]: master offset   -2033171 s2 freq   +8355 path delay    139620
ptp4l[3628.025]: master offset   -2021147 s2 freq   +7537 path delay    139620
ptp4l[3629.025]: master offset   -1975434 s2 freq  +10132 path delay    131725
ptp4l[3630.025]: master offset   -2000768 s2 freq   +5598 path delay    137348
ptp4l[3631.025]: master offset   -1945786 s2 freq   +9151 path delay    125762
ptp4l[3632.025]: master offset   -1971372 s2 freq   +4621 path delay    130305
ptp4l[3633.025]: master offset   -1949051 s2 freq   +4904 path delay    130682
ptp4l[3634.025]: master offset   -1956394 s2 freq   +2213 path delay    135928
ptp4l[3635.025]: master offset   -1935417 s2 freq   +2375 path delay    140112
ptp4l[3636.025]: master offset   -1937436 s2 freq    +236 path delay    140112
ptp4l[3637.025]: master offset   -1901741 s2 freq   +1904 path delay    135928
ptp4l[3638.026]: master offset   -1906856 s2 freq    -515 path delay    137227
ptp4l[3639.026]: master offset   -1433408 s2 freq  +45397 path delay    137227
ptp4l[3640.027]: master offset   -1018777 s2 freq  +85841 path delay    134866
ptp4l[3641.027]: master offset    -636498 s2 freq +123433 path delay    134866
ptp4l[3642.028]: master offset    -311484 s2 freq +155623 path delay    134866
ptp4l[3643.028]: master offset        421 s2 freq +186813 path delay    123473
ptp4l[3644.028]: master offset     269370 s2 freq +213978 path delay     92770
ptp4l[3645.029]: master offset     502252 s2 freq +237768 path delay     92770
ptp4l[3646.029]: master offset     702291 s2 freq +258474 path delay     73255
ptp4l[3647.029]: master offset     871200 s2 freq +276236 path delay     73255
ptp4l[3648.029]: master offset     990613 s2 freq +289168 path delay     73255
ptp4l[3649.030]: master offset    1094923 s2 freq +300694 path delay     82256
ptp4l[3650.030]: master offset    1200738 s2 freq +312477 path delay     82256
ptp4l[3651.030]: master offset    1267850 s2 freq +320456 path delay    101771
ptp4l[3652.030]: master offset    1354167 s2 freq +330441 path delay    111071
ptp4l[3653.030]: master offset    1382218 s2 freq +334629 path delay    111071
ptp4l[3654.030]: master offset    1403289 s2 freq +338139 path delay    116796
ptp4l[3655.031]: master offset    1449533 s2 freq +344213 path delay    116796
ptp4l[3656.031]: master offset    1457589 s2 freq +346476 path delay    119439
ptp4l[3657.031]: master offset    1472888 s2 freq +349479 path delay    119439
ptp4l[3658.031]: master offset    1470945 s2 freq +350756 path delay    119439
ptp4l[3659.031]: master offset    1464819 s2 freq +351608 path delay    122597
ptp4l[3660.031]: master offset    1451577 s2 freq +351735 path delay    119439
ptp4l[3661.031]: master offset    1415343 s2 freq +349527 path delay    125961
ptp4l[3662.031]: master offset    1377452 s2 freq +347116 path delay    125961
ptp4l[3663.031]: master offset    1363972 s2 freq +347132 path delay    136347
ptp4l[3664.031]: master offset    1345845 s2 freq +346665 path delay    142783
ptp4l[3665.031]: master offset    1318600 s2 freq +345259 path delay    142783
ptp4l[3666.031]: master offset    1278010 s2 freq +342478 path delay    144152
ptp4l[3667.031]: master offset    1238502 s2 freq +339766 path delay    145965
ptp4l[3668.032]: master offset    1197094 s2 freq +336822 path delay    148041
ptp4l[3669.032]: master offset    1159658 s2 freq +334238 path delay    150903
ptp4l[3670.032]: master offset    1113695 s2 freq +330755 path delay    151495
ptp4l[3671.032]: master offset    1070307 s2 freq +327487 path delay    152557
ptp4l[3672.032]: master offset    1016749 s2 freq +323148 path delay    153397
ptp4l[3673.032]: master offset     957994 s2 freq +318230 path delay    153397
ptp4l[3674.032]: master offset     924929 s2 freq +315849 path delay    153397
ptp4l[3675.032]: master offset     887624 s2 freq +313006 path delay    153397
ptp4l[3676.032]: master offset     826149 s2 freq +307684 path delay    154312
ptp4l[3677.032]: master offset     785332 s2 freq +304388 path delay    154312
ptp4l[3678.032]: master offset     731690 s2 freq +299756 path delay    156271
ptp4l[3679.032]: master offset     697338 s2 freq +297018 path delay    154312
ptp4l[3680.032]: master offset     634189 s2 freq +291337 path delay    156271
ptp4l[3681.032]: master offset     591034 s2 freq +287612 path delay    158072
ptp4l[3682.032]: master offset     539309 s2 freq +282979 path delay    159248
ptp4l[3683.032]: master offset     501500 s2 freq +279700 path delay    159248
ptp4l[3684.032]: master offset     442553 s2 freq +274248 path delay    159248
ptp4l[3685.032]: master offset     399143 s2 freq +270306 path delay    159248
ptp4l[3686.032]: master offset     355869 s2 freq +266334 path delay    159248
ptp4l[3687.032]: master offset     316331 s2 freq +262697 path delay    159248
ptp4l[3688.032]: master offset     265500 s2 freq +257879 path delay    160004
ptp4l[3689.032]: master offset     229346 s2 freq +254493 path delay    160004
ptp4l[3690.033]: master offset     173542 s2 freq +249086 path delay    163085
ptp4l[3691.033]: master offset     141477 s2 freq +246021 path delay    163085
ptp4l[3692.033]: master offset      93446 s2 freq +241312 path delay    163766
ptp4l[3693.033]: master offset      51941 s2 freq +237213 path delay    165443
ptp4l[3694.033]: master offset      14212 s2 freq +233454 path delay    165443
ptp4l[3695.033]: master offset     -27136 s2 freq +229293 path delay    170258
ptp4l[3696.033]: master offset     -62021 s2 freq +225742 path delay    167171
ptp4l[3697.033]: master offset     -89746 s2 freq +222880 path delay    167036
ptp4l[3698.033]: master offset    -138676 s2 freq +217848 path delay    167036
ptp4l[3699.033]: master offset    -152871 s2 freq +216276 path delay    163766
ptp4l[3700.033]: master offset    -206367 s2 freq +210720 path delay    163108
ptp4l[3701.033]: master offset    -233104 s2 freq +207813 path delay    163108
ptp4l[3702.033]: master offset    -263130 s2 freq +204547 path delay    155753
ptp4l[3703.033]: master offset    -299570 s2 freq +200604 path delay    149137
ptp4l[3704.034]: master offset    -322612 s2 freq +197977 path delay    148591
ptp4l[3705.034]: master offset    -344876 s2 freq +195406 path delay    148591
ptp4l[3706.034]: master offset    -382600 s2 freq +191251 path delay    148591
ptp4l[3707.034]: master offset    -405849 s2 freq +188520 path delay    148591
ptp4l[3708.034]: master offset    -444699 s2 freq +184190 path delay    148591
ptp4l[3709.034]: master offset    -481971 s2 freq +179981 path delay    147101
ptp4l[3710.034]: master offset    -497447 s2 freq +177936 path delay    147954
ptp4l[3711.034]: master offset    -515813 s2 freq +175583 path delay    147388
ptp4l[3712.034]: master offset    -559387 s2 freq +170667 path delay    154510
ptp4l[3713.034]: master offset    -570138 s2 freq +169021 path delay    154510
ptp4l[3714.034]: master offset    -606110 s2 freq +164818 path delay    155358
ptp4l[3715.034]: master offset    -622953 s2 freq +162511 path delay    156605
ptp4l[3716.035]: master offset    -652268 s2 freq +158927 path delay    156605
ptp4l[3717.035]: master offset    -679237 s2 freq +155551 path delay    158193
ptp4l[3718.035]: master offset    -705122 s2 freq +152257 path delay    158193
ptp4l[3719.035]: master offset    -791889 s2 freq +142789 path delay    152367
ptp4l[3720.035]: master offset    -784768 s2 freq +142716 path delay    152367
ptp4l[3721.035]: master offset    -729345 s2 freq +147529 path delay    149274
ptp4l[3722.035]: master offset    -765308 s2 freq +143167 path delay    149021
ptp4l[3723.035]: master offset    -824585 s2 freq +136415 path delay    149021
ptp4l[3724.035]: master offset    -814469 s2 freq +136612 path delay    149021
ptp4l[3725.035]: master offset    -798875 s2 freq +137373 path delay    142730
ptp4l[3726.035]: master offset    -824345 s2 freq +134001 path delay    142730
ptp4l[3727.035]: master offset    -856080 s2 freq +129972 path delay    142730
ptp4l[3728.035]: master offset    -851611 s2 freq +129567 path delay    141862
ptp4l[3729.035]: master offset    -855401 s2 freq +128333 path delay    140785
ptp4l[3730.035]: master offset    -879334 s2 freq +125060 path delay    137632
ptp4l[3731.035]: master offset    -881467 s2 freq +123965 path delay    137632
ptp4l[3732.036]: master offset    -910434 s2 freq +120158 path delay    137632
ptp4l[3733.036]: master offset    -918103 s2 freq +118473 path delay    134714
ptp4l[3734.036]: master offset    -932526 s2 freq +116098 path delay    134714
ptp4l[3735.036]: master offset    -931089 s2 freq +115311 path delay    134006
ptp4l[3736.036]: master offset    -965391 s2 freq +110915 path delay    137632
ptp4l[3737.036]: master offset    -973582 s2 freq +109123 path delay    136811
ptp4l[3738.036]: master offset    -997100 s2 freq +105774 path delay    139299
ptp4l[3739.036]: master offset   -1057174 s2 freq  +98709 path delay    139299
ptp4l[3740.036]: master offset    -999587 s2 freq +103468 path delay    139299
ptp4l[3741.036]: master offset   -1054733 s2 freq  +96899 path delay    139299
ptp4l[3742.036]: master offset   -1066941 s2 freq  +94611 path delay    139299
ptp4l[3743.037]: master offset   -1028008 s2 freq  +97477 path delay    139299
ptp4l[3744.037]: master offset   -1024322 s2 freq  +96821 path delay    136166
ptp4l[3745.037]: master offset   -1030995 s2 freq  +95123 path delay    136166
ptp4l[3746.037]: master offset   -1056343 s2 freq  +91531 path delay    137231
ptp4l[3747.037]: master offset   -1047876 s2 freq  +91330 path delay    135927
ptp4l[3748.037]: master offset   -1059719 s2 freq  +89086 path delay    135927
ptp4l[3749.037]: master offset   -1061280 s2 freq  +87869 path delay    135927
ptp4l[3750.037]: master offset   -1076125 s2 freq  +85308 path delay    135927
ptp4l[3751.038]: master offset   -1073770 s2 freq  +84470 path delay    137272
ptp4l[3752.038]: master offset   -1156419 s2 freq  +75049 path delay    140982
ptp4l[3753.038]: master offset   -1071055 s2 freq  +82514 path delay    140982
ptp4l[3754.038]: master offset   -1166570 s2 freq  +71796 path delay    147898
ptp4l[3755.038]: master offset   -1119878 s2 freq  +75345 path delay    147898
ptp4l[3756.038]: master offset   -1113581 s2 freq  +74861 path delay    147898
ptp4l[3757.038]: master offset   -1157825 s2 freq  +69279 path delay    142663
ptp4l[3758.038]: master offset   -1124987 s2 freq  +71438 path delay    139438
ptp4l[3759.038]: master offset   -1095179 s2 freq  +73324 path delay    138953
ptp4l[3760.039]: master offset   -1102134 s2 freq  +71526 path delay    138953
ptp4l[3761.039]: master offset   -1102595 s2 freq  +70377 path delay    133356
ptp4l[3762.039]: master offset   -1116593 s2 freq  +67861 path delay    133356
ptp4l[3763.039]: master offset   -1105989 s2 freq  +67815 path delay    129741
ptp4l[3764.039]: master offset   -1145381 s2 freq  +62731 path delay    129741
ptp4l[3765.039]: master offset   -1115727 s2 freq  +64580 path delay    129199
ptp4l[3766.039]: master offset   -1162926 s2 freq  +58698 path delay    129199
ptp4l[3767.039]: master offset   -1125468 s2 freq  +61318 path delay    129199
ptp4l[3768.039]: master offset   -1125131 s2 freq  +60226 path delay    128964
ptp4l[3769.039]: master offset   -1142910 s2 freq  +57306 path delay    128624
ptp4l[3770.040]: master offset   -1104335 s2 freq  +60059 path delay    128747
ptp4l[3771.040]: master offset   -1119842 s2 freq  +57388 path delay    128747
ptp4l[3772.040]: master offset   -1128170 s2 freq  +55427 path delay    127772
ptp4l[3773.040]: master offset   -1137319 s2 freq  +53375 path delay    127772
ptp4l[3774.040]: master offset   -1156070 s2 freq  +50344 path delay    127772
ptp4l[3775.040]: master offset   -1120191 s2 freq  +52812 path delay    119089
ptp4l[3776.040]: master offset   -1102701 s2 freq  +53458 path delay    119089
ptp4l[3777.040]: master offset   -1094217 s2 freq  +53212 path delay    119567
ptp4l[3778.040]: master offset   -1105960 s2 freq  +50932 path delay    119567
ptp4l[3779.040]: master offset   -1095758 s2 freq  +50856 path delay    119567
ptp4l[3780.040]: master offset   -1117573 s2 freq  +47557 path delay    130052
ptp4l[3781.040]: master offset   -1127928 s2 freq  +45394 path delay    142593
ptp4l[3782.041]: master offset   -1125512 s2 freq  +44510 path delay    142593
ptp4l[3783.041]: master offset   -1127227 s2 freq  +43211 path delay    142593
ptp4l[3784.041]: master offset   -1124466 s2 freq  +42363 path delay    142593
ptp4l[3785.041]: master offset   -1113530 s2 freq  +42343 path delay    141087
ptp4l[3786.041]: master offset   -1113231 s2 freq  +41260 path delay    137524
ptp4l[3787.041]: master offset   -1094924 s2 freq  +41995 path delay    137524
ptp4l[3788.041]: master offset   -1166840 s2 freq  +33637 path delay    137524
ptp4l[3789.041]: master offset   -1202929 s2 freq  +28825 path delay    137524
ptp4l[3790.041]: master offset   -1266667 s2 freq  +21185 path delay    141087
ptp4l[3791.041]: master offset   -1285010 s2 freq  +18065 path delay    137524
ptp4l[3792.041]: master offset   -1333084 s2 freq  +11925 path delay    137524
ptp4l[3793.041]: master offset   -1366652 s2 freq   +7201 path delay    136723
ptp4l[3794.041]: master offset   -1392199 s2 freq   +3254 path delay    136723
ptp4l[3795.041]: master offset   -1385157 s2 freq   +2573 path delay    136723
ptp4l[3796.041]: master offset   -1435618 s2 freq   -3908 path delay    136723
ptp4l[3797.041]: master offset   -1440486 s2 freq   -5836 path delay    137737
ptp4l[3798.041]: master offset   -1476394 s2 freq  -10903 path delay    145454
ptp4l[3799.041]: master offset   -1468629 s2 freq  -11595 path delay    145454
ptp4l[3800.041]: master offset   -1487046 s2 freq  -14924 path delay    137737
ptp4l[3801.041]: master offset   -1480898 s2 freq  -15790 path delay    138916
ptp4l[3802.042]: master offset   -1503988 s2 freq  -19603 path delay    138916
ptp4l[3803.042]: master offset   -1494644 s2 freq  -20163 path delay    141232
ptp4l[3804.042]: master offset   -1510978 s2 freq  -23307 path delay    141232
ptp4l[3805.042]: master offset   -1509168 s2 freq  -24636 path delay    144817
ptp4l[3806.042]: master offset   -1517216 s2 freq  -26958 path delay    141232
ptp4l[3807.042]: master offset   -1496202 s2 freq  -26352 path delay    141232
ptp4l[3808.042]: master offset   -1508912 s2 freq  -29132 path delay    141232
ptp4l[3809.042]: master offset   -1499183 s2 freq  -29659 path delay    141232
ptp4l[3810.042]: master offset   -1499427 s2 freq  -31182 path delay    141232
ptp4l[3811.042]: master offset   -1485315 s2 freq  -31256 path delay    131076
ptp4l[3812.042]: master offset   -1478572 s2 freq  -32061 path delay    128085
ptp4l[3813.043]: master offset   -1441419 s2 freq  -29787 path delay    133214
ptp4l[3814.043]: master offset   -1486283 s2 freq  -35760 path delay    140765
ptp4l[3815.043]: master offset   -1460504 s2 freq  -34642 path delay    133214
ptp4l[3816.043]: master offset   -1461725 s2 freq  -36226 path delay    133214
ptp4l[3817.043]: master offset   -1444234 s2 freq  -35921 path delay    133214
ptp4l[3818.043]: master offset   -1448460 s2 freq  -37792 path delay    133214
ptp4l[3819.043]: master offset   -1436598 s2 freq  -38043 path delay    146223
ptp4l[3820.043]: master offset   -1449617 s2 freq  -40794 path delay    149786
ptp4l[3821.044]: master offset   -1423900 s2 freq  -39646 path delay    149786
ptp4l[3822.044]: master offset   -1435501 s2 freq  -42242 path delay    141316
ptp4l[3823.044]: master offset   -1394244 s2 freq  -39510 path delay    141316
ptp4l[3824.044]: master offset   -1400074 s2 freq  -41493 path delay    141316
ptp4l[3825.044]: master offset   -1367849 s2 freq  -39639 path delay    139438
ptp4l[3826.044]: master offset   -1373427 s2 freq  -41570 path delay    139438
ptp4l[3827.044]: master offset   -1346471 s2 freq  -40221 path delay    135138
ptp4l[3828.044]: master offset   -1355351 s2 freq  -42464 path delay    135138
ptp4l[3829.044]: master offset   -1326550 s2 freq  -40911 path delay    135138
ptp4l[3830.044]: master offset   -1342389 s2 freq  -43837 path delay    135138
ptp4l[3831.045]: master offset   -1322357 s2 freq  -43156 path delay    135138
ptp4l[3832.045]: master offset   -1315877 s2 freq  -43824 path delay    135138
ptp4l[3833.045]: master offset   -1311973 s2 freq  -44746 path delay    135214
ptp4l[3834.045]: master offset   -1295641 s2 freq  -44408 path delay    135214
ptp4l[3835.045]: master offset   -1270381 s2 freq  -43152 path delay    135214
ptp4l[3836.045]: master offset   -1282374 s2 freq  -45634 path delay    140882
ptp4l[3837.045]: master offset   -1259170 s2 freq  -44573 path delay    142195
ptp4l[3838.045]: master offset   -1261272 s2 freq  -46044 path delay    142195
ptp4l[3839.046]: master offset   -1245671 s2 freq  -45730 path delay    141461
ptp4l[3840.046]: master offset   -1238285 s2 freq  -46230 path delay    140154
ptp4l[3841.046]: master offset   -1235044 s2 freq  -47141 path delay    140154
ptp4l[3842.046]: master offset   -1216561 s2 freq  -46509 path delay    139193
ptp4l[3843.046]: master offset   -1186762 s2 freq  -44716 path delay    139193
ptp4l[3844.046]: master offset   -1201179 s2 freq  -47359 path delay    139772
ptp4l[3845.046]: master offset   -1192913 s2 freq  -47725 path delay    139772
ptp4l[3846.046]: master offset   -1170128 s2 freq  -46617 path delay    138176
ptp4l[3847.046]: master offset   -1140601 s2 freq  -44804 path delay    136173
ptp4l[3848.047]: master offset   -1148104 s2 freq  -46703 path delay    133891
ptp4l[3849.047]: master offset   -1152065 s2 freq  -48251 path delay    133891
ptp4l[3850.047]: master offset   -1119677 s2 freq  -46132 path delay    128576
ptp4l[3851.047]: master offset   -1093878 s2 freq  -44646 path delay    126234
ptp4l[3852.047]: master offset   -1101587 s2 freq  -46518 path delay    127400
ptp4l[3853.047]: master offset   -1087638 s2 freq  -46211 path delay    127400
ptp4l[3854.047]: master offset   -1087325 s2 freq  -47267 path delay    128646
ptp4l[3855.047]: master offset   -1074724 s2 freq  -47082 path delay    128646
ptp4l[3856.047]: master offset   -1071408 s2 freq  -47822 path delay    128646
ptp4l[3857.047]: master offset   -1047575 s2 freq  -46486 path delay    128542
ptp4l[3858.047]: master offset   -1055638 s2 freq  -48348 path delay    129421
ptp4l[3859.048]: master offset   -1031924 s2 freq  -47008 path delay    130052
ptp4l[3860.048]: master offset   -1032975 s2 freq  -48146 path delay    130052
ptp4l[3861.048]: master offset   -1013410 s2 freq  -47203 path delay    130582
ptp4l[3862.048]: master offset   -1014691 s2 freq  -48346 path delay    130582
ptp4l[3863.048]: master offset    -992184 s2 freq  -47088 path delay    130916
ptp4l[3864.048]: master offset    -996003 s2 freq  -48465 path delay    130386
ptp4l[3865.048]: master offset    -991774 s2 freq  -49034 path delay    130282
ptp4l[3866.048]: master offset    -981557 s2 freq  -48994 path delay    133132
ptp4l[3867.048]: master offset    -963249 s2 freq  -48127 path delay    133132
ptp4l[3868.049]: master offset    -963299 s2 freq  -49095 path delay    133132
ptp4l[3869.049]: master offset    -976615 s2 freq  -51403 path delay    133132
ptp4l[3870.049]: master offset    -941550 s2 freq  -48838 path delay    133132
ptp4l[3871.049]: master offset    -888372 s2 freq  -44409 path delay    123510
ptp4l[3872.049]: master offset    -918765 s2 freq  -48367 path delay    123510
ptp4l[3873.049]: master offset    -914800 s2 freq  -48885 path delay    125582
ptp4l[3874.049]: master offset    -957973 s2 freq  -54160 path delay    125582
ptp4l[3875.049]: master offset    -885726 s2 freq  -47821 path delay    123510
ptp4l[3876.050]: master offset    -880518 s2 freq  -48181 path delay    123510
ptp4l[3877.050]: master offset    -871963 s2 freq  -48198 path delay    123510
ptp4l[3878.050]: master offset    -903598 s2 freq  -52265 path delay    126511
ptp4l[3879.050]: master offset    -858316 s2 freq  -48595 path delay    129689
ptp4l[3880.050]: master offset    -852194 s2 freq  -48835 path delay    131908
ptp4l[3881.050]: master offset    -843308 s2 freq  -48790 path delay    131883
ptp4l[3882.050]: master offset    -836218 s2 freq  -48917 path delay    131883
ptp4l[3883.050]: master offset    -841582 s2 freq  -50295 path delay    133538
ptp4l[3884.050]: master offset    -816000 s2 freq  -48553 path delay    130593
ptp4l[3885.050]: master offset    -803514 s2 freq  -48107 path delay    130593
ptp4l[3886.050]: master offset    -799214 s2 freq  -48477 path delay    128390
ptp4l[3887.050]: master offset    -779342 s2 freq  -47269 path delay    128390
ptp4l[3888.051]: master offset    -786038 s2 freq  -48724 path delay    130584
ptp4l[3889.051]: master offset    -761489 s2 freq  -47031 path delay    127269
ptp4l[3890.051]: master offset    -766296 s2 freq  -48278 path delay    121419
ptp4l[3891.051]: master offset    -757750 s2 freq  -48181 path delay    128581
ptp4l[3892.051]: master offset    -756185 s2 freq  -48781 path delay    128581
ptp4l[3893.051]: master offset    -737882 s2 freq  -47688 path delay    128581
ptp4l[3894.051]: master offset    -747339 s2 freq  -49381 path delay    129524
ptp4l[3895.051]: master offset    -500196 s2 freq  -25167 path delay    123768
ptp4l[3896.052]: master offset    -336965 s2 freq   -9181 path delay    123768
ptp4l[3897.052]: master offset    -202347 s2 freq   +4078 path delay    122899
ptp4l[3898.052]: master offset      14542 s2 freq  +25782 path delay     98285
ptp4l[3899.052]: master offset     170634 s2 freq  +41562 path delay     81860
ptp4l[3900.052]: master offset     281458 s2 freq  +52925 path delay     80437
ptp4l[3901.053]: master offset     425090 s2 freq  +67714 path delay     80437
ptp4l[3902.053]: master offset     479769 s2 freq  +73661 path delay     80437
ptp4l[3903.053]: master offset     549359 s2 freq  +81170 path delay     94704
ptp4l[3904.053]: master offset     585215 s2 freq  +85341 path delay    121376
ptp4l[3905.053]: master offset     665325 s2 freq  +94017 path delay    121376
ptp4l[3906.053]: master offset     707717 s2 freq  +98964 path delay    121376
ptp4l[3907.054]: master offset     782797 s2 freq +107255 path delay    125243
ptp4l[3908.054]: master offset     784467 s2 freq +108206 path delay    125243
ptp4l[3909.054]: master offset     852750 s2 freq +115887 path delay    125243
ptp4l[3910.054]: master offset     854184 s2 freq +116885 path delay    125243
ptp4l[3911.054]: master offset     865963 s2 freq +118929 path delay    125884
ptp4l[3912.054]: master offset     895080 s2 freq +122735 path delay    125884
ptp4l[3913.054]: master offset     881752 s2 freq +122284 path delay    125884
ptp4l[3914.054]: master offset     935420 s2 freq +128586 path delay    125373
ptp4l[3915.054]: master offset     954351 s2 freq +131434 path delay    126314
ptp4l[3916.055]: master offset     928037 s2 freq +129731 path delay    132405
ptp4l[3917.055]: master offset     937270 s2 freq +131591 path delay    132405
ptp4l[3918.055]: master offset     929737 s2 freq +131768 path delay    136360
ptp4l[3919.055]: master offset     947449 s2 freq +134486 path delay    136360
ptp4l[3920.055]: master offset     916268 s2 freq +132284 path delay    136360
ptp4l[3921.055]: master offset     935957 s2 freq +135189 path delay    137102
ptp4l[3922.055]: master offset     922867 s2 freq +134803 path delay    131011
ptp4l[3923.055]: master offset     941388 s2 freq +137597 path delay    138878
ptp4l[3924.055]: master offset     892625 s2 freq +133613 path delay    138878
ptp4l[3925.055]: master offset     893838 s2 freq +134628 path delay    139344
ptp4l[3926.056]: master offset     869452 s2 freq +133059 path delay    139698
ptp4l[3927.056]: master offset     863088 s2 freq +133286 path delay    141289
ptp4l[3928.056]: master offset     826449 s2 freq +130448 path delay    139698
ptp4l[3929.056]: master offset     862962 s2 freq +134962 path delay    139698
ptp4l[3930.056]: master offset     808193 s2 freq +130294 path delay    138790
ptp4l[3931.056]: master offset     792399 s2 freq +129507 path delay    138790
ptp4l[3932.056]: master offset     781011 s2 freq +129149 path delay    139629
ptp4l[3933.056]: master offset     756243 s2 freq +127428 path delay    139629
ptp4l[3934.056]: master offset     754211 s2 freq +127979 path delay    139629
ptp4l[3935.056]: master offset     751156 s2 freq +128425 path delay    141892
ptp4l[3936.057]: master offset     711937 s2 freq +125215 path delay    141892
ptp4l[3937.057]: master offset     710893 s2 freq +125822 path delay    141892
ptp4l[3938.057]: master offset     682272 s2 freq +123642 path delay    135936
ptp4l[3939.057]: master offset     666602 s2 freq +122741 path delay    135936
ptp4l[3940.057]: master offset     654079 s2 freq +122143 path delay    135936
ptp4l[3941.057]: master offset     666319 s2 freq +124033 path delay    140690
ptp4l[3942.057]: master offset     603432 s2 freq +118348 path delay    143861
ptp4l[3943.057]: master offset     586734 s2 freq +117265 path delay    144558
ptp4l[3944.057]: master offset     566436 s2 freq +115802 path delay    144558
ptp4l[3945.058]: master offset     563321 s2 freq +116054 path delay    143356
ptp4l[3946.058]: master offset     549235 s2 freq +115194 path delay    140458
ptp4l[3947.058]: master offset     544716 s2 freq +115287 path delay    140458
ptp4l[3948.058]: master offset     513004 s2 freq +112629 path delay    143356
ptp4l[3949.058]: master offset     492254 s2 freq +111046 path delay    148362
ptp4l[3950.058]: master offset     469693 s2 freq +109260 path delay    148362
ptp4l[3951.058]: master offset     458034 s2 freq +108552 path delay    148362
ptp4l[3952.058]: master offset     438727 s2 freq +107060 path delay    148362
ptp4l[3953.058]: master offset     427989 s2 freq +106414 path delay    152791
ptp4l[3954.058]: master offset     397863 s2 freq +103799 path delay    152791
ptp4l[3955.058]: master offset     406835 s2 freq +105103 path delay    152791
ptp4l[3956.058]: master offset     368649 s2 freq +101653 path delay    152791
ptp4l[3957.059]: master offset     367985 s2 freq +101955 path delay    152791
ptp4l[3958.059]: master offset     346680 s2 freq +100171 path delay    151173
ptp4l[3959.059]: master offset     341172 s2 freq  +99961 path delay    151630
ptp4l[3960.059]: master offset     312634 s2 freq  +97420 path delay    151630
ptp4l[3961.059]: master offset     324197 s2 freq  +98901 path delay    145760
ptp4l[3962.059]: master offset     295547 s2 freq  +96331 path delay    145760
ptp4l[3963.059]: master offset     296295 s2 freq  +96702 path delay    145760
ptp4l[3964.059]: master offset     269092 s2 freq  +94251 path delay    143478
ptp4l[3965.059]: master offset     299806 s2 freq  +97622 path delay    133743
ptp4l[3966.059]: master offset     238880 s2 freq  +91769 path delay    136800
ptp4l[3967.059]: master offset     246817 s2 freq  +92809 path delay    136800
ptp4l[3968.059]: master offset     212565 s2 freq  +89597 path delay    136800
ptp4l[3969.059]: master offset     234338 s2 freq  +92008 path delay    134588
ptp4l[3970.060]: master offset     199223 s2 freq  +88696 path delay    134588
ptp4l[3971.060]: master offset     187424 s2 freq  +87703 path delay    134588
ptp4l[3972.060]: master offset     113735 s2 freq  +80448 path delay    131531
ptp4l[3973.060]: master offset     103832 s2 freq  +79562 path delay    131531
ptp4l[3974.060]: master offset     158215 s2 freq  +85158 path delay    131531
ptp4l[3975.060]: master offset     130884 s2 freq  +82556 path delay    134588
ptp4l[3976.060]: master offset     129523 s2 freq  +82550 path delay    130731
ptp4l[3977.060]: master offset     132317 s2 freq  +82961 path delay    126654
ptp4l[3978.060]: master offset     103748 s2 freq  +80208 path delay    129628
ptp4l[3979.060]: master offset     102671 s2 freq  +80203 path delay    131239
ptp4l[3980.060]: master offset      82850 s2 freq  +78304 path delay    131239
ptp4l[3981.060]: master offset      37555 s2 freq  +73812 path delay    132893
ptp4l[3982.060]: master offset      61162 s2 freq  +76234 path delay    132893
ptp4l[3983.061]: master offset      61949 s2 freq  +76374 path delay    132893
ptp4l[3984.061]: master offset      37982 s2 freq  +74016 path delay    133957
ptp4l[3985.061]: master offset      29286 s2 freq  +73175 path delay    135578
ptp4l[3986.061]: master offset      14567 s2 freq  +71718 path delay    138560
ptp4l[3987.061]: master offset      32753 s2 freq  +73569 path delay    138560
ptp4l[3988.061]: master offset     -16783 s2 freq  +68599 path delay    137118
ptp4l[3989.061]: master offset       2697 s2 freq  +70550 path delay    137118
ptp4l[3990.061]: master offset     -24414 s2 freq  +67814 path delay    138560
ptp4l[3991.061]: master offset     -18679 s2 freq  +68369 path delay    138560
ptp4l[3992.061]: master offset     -39696 s2 freq  +66228 path delay    142055
ptp4l[3993.061]: master offset     -38086 s2 freq  +66351 path delay    138694
ptp4l[3994.061]: master offset     -56117 s2 freq  +64491 path delay    137252
ptp4l[3995.062]: master offset     -53883 s2 freq  +64661 path delay    137252
ptp4l[3996.062]: master offset     -69409 s2 freq  +63039 path delay    137252
ptp4l[3997.062]: master offset     -86228 s2 freq  +61271 path delay    140182
ptp4l[3998.062]: master offset     -85178 s2 freq  +61291 path delay    141636
ptp4l[3999.062]: master offset    -101921 s2 freq  +59514 path delay    138438
ptp4l[4000.062]: master offset    -102320 s2 freq  +59372 path delay    138438
ptp4l[4001.062]: master offset     -89503 s2 freq  +60564 path delay    138438
ptp4l[4002.062]: master offset    -114538 s2 freq  +57946 path delay    141636
ptp4l[4003.062]: master offset    -119007 s2 freq  +57380 path delay    141636
ptp4l[4004.062]: master offset    -124168 s2 freq  +56740 path delay    141636
ptp4l[4005.062]: master offset    -126718 s2 freq  +56358 path delay    136227
ptp4l[4006.063]: master offset    -134097 s2 freq  +55486 path delay    136227
ptp4l[4007.063]: master offset    -140482 s2 freq  +54707 path delay    139759
ptp4l[4008.063]: master offset    -155062 s2 freq  +53094 path delay    139759
ptp4l[4009.063]: master offset    -146804 s2 freq  +53773 path delay    144022
ptp4l[4010.063]: master offset    -172468 s2 freq  +51034 path delay    144022
ptp4l[4011.063]: master offset    -158606 s2 freq  +52262 path delay    144022
ptp4l[4012.063]: master offset    -180369 s2 freq  +49905 path delay    144022
ptp4l[4013.063]: master offset    -170131 s2 freq  +50759 path delay    145813
ptp4l[4014.063]: master offset    -190980 s2 freq  +48483 path delay    145813
ptp4l[4015.063]: master offset    -179958 s2 freq  +49405 path delay    146303
ptp4l[4016.063]: master offset    -201670 s2 freq  +47033 path delay    147673
ptp4l[4017.063]: master offset    -205995 s2 freq  +46394 path delay    150330
ptp4l[4018.063]: master offset    -208460 s2 freq  +45939 path delay    147673
ptp4l[4019.064]: master offset    -194958 s2 freq  +47094 path delay    147673
ptp4l[4020.064]: master offset    -214303 s2 freq  +44946 path delay    148126
ptp4l[4021.064]: master offset    -239779 s2 freq  +42158 path delay    146668
ptp4l[4022.064]: master offset    -222034 s2 freq  +43711 path delay    146668
ptp4l[4023.064]: master offset    -211996 s2 freq  +44502 path delay    146668
ptp4l[4024.064]: master offset    -233226 s2 freq  +42146 path delay    147139
ptp4l[4025.064]: master offset    -226267 s2 freq  +42616 path delay    146668
ptp4l[4026.064]: master offset    -250418 s2 freq  +39950 path delay    146668
ptp4l[4027.064]: master offset    -242409 s2 freq  +40509 path delay    141175
ptp4l[4028.065]: master offset    -241665 s2 freq  +40342 path delay    141175
ptp4l[4029.065]: master offset    -218083 s2 freq  +42482 path delay    134063
ptp4l[4030.065]: master offset    -240052 s2 freq  +40045 path delay    134063
ptp4l[4031.065]: master offset    -229177 s2 freq  +40903 path delay    134063
ptp4l[4032.065]: master offset    -250649 s2 freq  +38505 path delay    136501
ptp4l[4033.065]: master offset    -247522 s2 freq  +38570 path delay    142382
ptp4l[4034.065]: master offset    -267893 s2 freq  +36265 path delay    142382
ptp4l[4035.065]: master offset    -262453 s2 freq  +36547 path delay    139710
ptp4l[4036.066]: master offset    -270783 s2 freq  +35443 path delay    139710
ptp4l[4037.066]: master offset    -258414 s2 freq  +36422 path delay    142304
ptp4l[4038.066]: master offset    -280460 s2 freq  +33937 path delay    142304
ptp4l[4039.066]: master offset    -272427 s2 freq  +34467 path delay    140340
ptp4l[4040.066]: master offset    -285348 s2 freq  +32890 path delay    140340
ptp4l[4041.066]: master offset    -279648 s2 freq  +33180 path delay    140340
ptp4l[4042.066]: master offset    -327359 s2 freq  +28082 path delay    142539
ptp4l[4043.066]: master offset    -272944 s2 freq  +33250 path delay    139946
ptp4l[4044.066]: master offset    -293099 s2 freq  +30942 path delay    138707
ptp4l[4045.066]: master offset    -304488 s2 freq  +29498 path delay    138707
ptp4l[4046.066]: master offset    -305458 s2 freq  +29096 path delay    138033
ptp4l[4047.067]: master offset    -302078 s2 freq  +29132 path delay    137554
ptp4l[4048.067]: master offset    -295540 s2 freq  +29490 path delay    136785
ptp4l[4049.067]: master offset    -299734 s2 freq  +28771 path delay    134573
ptp4l[4050.067]: master offset    -296385 s2 freq  +28810 path delay    130512
ptp4l[4051.067]: master offset    -294523 s2 freq  +28701 path delay    134573
ptp4l[4052.067]: master offset    -300812 s2 freq  +27772 path delay    134573
ptp4l[4053.067]: master offset    -288808 s2 freq  +28683 path delay    134573
ptp4l[4054.067]: master offset    -315368 s2 freq  +25712 path delay    144008
ptp4l[4055.067]: master offset    -311499 s2 freq  +25787 path delay    145421
ptp4l[4056.067]: master offset    -316475 s2 freq  +24973 path delay    146074
ptp4l[4057.067]: master offset    -366029 s2 freq  +19652 path delay    146074
ptp4l[4058.068]: master offset    -320989 s2 freq  +23835 path delay    146074
ptp4l[4059.068]: master offset    -294663 s2 freq  +26173 path delay    147122
ptp4l[4060.068]: master offset    -351669 s2 freq  +20120 path delay    148334
ptp4l[4061.068]: master offset    -302391 s2 freq  +24746 path delay    148334
ptp4l[4062.068]: master offset    -324831 s2 freq  +22177 path delay    148334
ptp4l[4063.068]: master offset    -305735 s2 freq  +23781 path delay    148334
ptp4l[4064.068]: master offset    -330337 s2 freq  +20990 path delay    148334
ptp4l[4065.068]: master offset    -320860 s2 freq  +21617 path delay    147817
ptp4l[4066.068]: master offset    -328850 s2 freq  +20489 path delay    146893
ptp4l[4067.068]: master offset    -323840 s2 freq  +20666 path delay    146116
ptp4l[4068.069]: master offset    -333914 s2 freq  +19325 path delay    145769
ptp4l[4069.069]: master offset    -327313 s2 freq  +19658 path delay    145769
ptp4l[4070.069]: master offset    -332455 s2 freq  +18811 path delay    145769
ptp4l[4071.069]: master offset    -320861 s2 freq  +19650 path delay    142507
ptp4l[4072.069]: master offset    -333723 s2 freq  +18030 path delay    145769
ptp4l[4073.069]: master offset    -316854 s2 freq  +19400 path delay    145769
ptp4l[4074.069]: master offset    -332368 s2 freq  +17516 path delay    145769
ptp4l[4075.069]: master offset    -315772 s2 freq  +18860 path delay    145769
ptp4l[4076.069]: master offset    -336237 s2 freq  +16477 path delay    145819
ptp4l[4077.070]: master offset    -328025 s2 freq  +16970 path delay    149261
ptp4l[4078.070]: master offset    -364818 s2 freq  +12926 path delay    152363
ptp4l[4079.070]: master offset    -331069 s2 freq  +15970 path delay    149088
ptp4l[4080.070]: master offset    -345684 s2 freq  +14163 path delay    149088
ptp4l[4081.070]: master offset    -334605 s2 freq  +14936 path delay    144251
ptp4l[4082.070]: master offset    -326770 s2 freq  +15393 path delay    146185
ptp4l[4083.070]: master offset    -325509 s2 freq  +15193 path delay    146185
ptp4l[4084.070]: master offset    -338633 s2 freq  +13542 path delay    143328
ptp4l[4085.070]: master offset    -319139 s2 freq  +15173 path delay    143328
ptp4l[4086.070]: master offset    -324912 s2 freq  +14270 path delay    137942
ptp4l[4087.070]: master offset    -309642 s2 freq  +15488 path delay    137942
